<?xml version="1.0" encoding="UTF-8"?>
<testsuite xmlns:xsi="http://www.w3.org/2001/XMLSchema-instance" xsi:noNamespaceSchemaLocation="https://maven.apache.org/surefire/maven-surefire-plugin/xsd/surefire-test-report.xsd" version="3.0.2" name="com.example.ledger.integration.ApiIntegrationTest" time="2.804" tests="6" errors="0" skipped="0" failures="0">
  <properties>
[...]
</properties>
  <testcase name="testBatchTransfer_SuccessAndIdempotency" classname="com.example.ledger.integration.ApiIntegrationTest" time="0.336">
    <system-out><![CDATA[23:44:44.473 [main] INFO org.springframework.boot.test.context.SpringBootTestContextBootstrapper -- Found @SpringBootConfiguration com.example.ledger.LedgerApplication for test class com.example.ledger.integration.ApiIntegrationTest

  .   ____          _            __ _ _
 /\\ / ___'_ __ _ _(_)_ __  __ _ \ \ \ \
( ( )\___ | '_ | '_| | '_ \/ _` | \ \ \ \
 \\/  ___)| |_)| | | | | || (_| |  ) ) ) )
  '  |____| .__|_| |_|_| |_\__, | / / / /
 =========|_|==============|___/=/_/_/_/

 :: Spring Boot ::                (v3.4.6)

2025-06-08 23:44:44 - Starting ApiIntegrationTest using Java 21.0.4 with PID 13071 (started by tomma in /Users/tomma/GIT/jraft_test)
2025-06-08 23:44:44 - Running with Spring Boot v3.4.6, Spring v6.2.7
2025-06-08 23:44:44 - The following 1 profile is active: "test"
2025-06-08 23:44:44 - Bootstrapping Spring Data JPA repositories in DEFAULT mode.
2025-06-08 23:44:44 - Finished Spring Data repository scanning in 16 ms. Found 3 JPA repository interfaces.
2025-06-08 23:44:45 - Tomcat initialized with port 0 (http)
2025-06-08 23:44:45 - Starting service [Tomcat]
2025-06-08 23:44:45 - Starting Servlet engine: [Apache Tomcat/10.1.41]
2025-06-08 23:44:45 - Initializing Spring embedded WebApplicationContext
2025-06-08 23:44:45 - Root WebApplicationContext: initialization completed in 435 ms
2025-06-08 23:44:45 - HHH000204: Processing PersistenceUnitInfo [name: default]
2025-06-08 23:44:45 - HHH000412: Hibernate ORM core version 6.6.15.Final
2025-06-08 23:44:45 - HHH000026: Second-level cache disabled
2025-06-08 23:44:45 - No LoadTimeWeaver setup: ignoring JPA class transformer
2025-06-08 23:44:45 - HikariPool-1 - Starting...
2025-06-08 23:44:45 - HikariPool-1 - Added connection conn0: url=jdbc:h2:mem:testdb user=SA
2025-06-08 23:44:45 - HikariPool-1 - Start completed.
2025-06-08 23:44:45 - HHH90000025: H2Dialect does not need to be specified explicitly using 'hibernate.dialect' (remove the property setting and it will be selected by default)
2025-06-08 23:44:45 - HHH10001005: Database info:
	Database JDBC URL [Connecting through datasource 'HikariDataSource (HikariPool-1)']
	Database driver: undefined/unknown
	Database version: 2.3.232
	Autocommit mode: undefined/unknown
	Isolation level: undefined/unknown
	Minimum pool size: undefined/unknown
	Maximum pool size: undefined/unknown
2025-06-08 23:44:45 - HHH000489: No JTA platform available (set 'hibernate.transaction.jta.platform' to enable JTA platform integration)
2025-06-08 23:44:45 - 
    drop table if exists accounts cascade 
Hibernate: 
    drop table if exists accounts cascade 
2025-06-08 23:44:45 - 
    drop table if exists journal_entry cascade 
Hibernate: 
    drop table if exists journal_entry cascade 
2025-06-08 23:44:45 - 
    drop table if exists transactions cascade 
Hibernate: 
    drop table if exists transactions cascade 
2025-06-08 23:44:45 - 
    create table accounts (
        balance numeric(19,2) not null,
        created_at timestamp(6) not null,
        id bigint generated by default as identity,
        updated_at timestamp(6) not null,
        version bigint,
        account_name varchar(255) not null,
        account_number varchar(255) not null unique,
        account_type enum ('ASSET','EQUITY','EXPENSE','LIABILITY','REVENUE') not null,
        primary key (id)
    )
Hibernate: 
    create table accounts (
        balance numeric(19,2) not null,
        created_at timestamp(6) not null,
        id bigint generated by default as identity,
        updated_at timestamp(6) not null,
        version bigint,
        account_name varchar(255) not null,
        account_number varchar(255) not null unique,
        account_type enum ('ASSET','EQUITY','EXPENSE','LIABILITY','REVENUE') not null,
        primary key (id)
    )
2025-06-08 23:44:45 - 
    create table journal_entry (
        credit_amount numeric(38,2),
        debit_amount numeric(38,2),
        account_id bigint not null,
        id bigint generated by default as identity,
        timestamp timestamp(6),
        transaction_id bigint not null,
        description varchar(255),
        primary key (id)
    )
Hibernate: 
    create table journal_entry (
        credit_amount numeric(38,2),
        debit_amount numeric(38,2),
        account_id bigint not null,
        id bigint generated by default as identity,
        timestamp timestamp(6),
        transaction_id bigint not null,
        description varchar(255),
        primary key (id)
    )
2025-06-08 23:44:45 - 
    create table transactions (
        amount numeric(38,2) not null,
        from_account_id bigint not null,
        id bigint generated by default as identity,
        timestamp timestamp(6) not null,
        to_account_id bigint not null,
        description varchar(255) not null,
        reference_id varchar(255) not null unique,
        primary key (id)
    )
Hibernate: 
    create table transactions (
        amount numeric(38,2) not null,
        from_account_id bigint not null,
        id bigint generated by default as identity,
        timestamp timestamp(6) not null,
        to_account_id bigint not null,
        description varchar(255) not null,
        reference_id varchar(255) not null unique,
        primary key (id)
    )
2025-06-08 23:44:45 - 
    alter table if exists journal_entry 
       add constraint FKhywmoag9j2ko4j4p50vh71ac7 
       foreign key (account_id) 
       references accounts
Hibernate: 
    alter table if exists journal_entry 
       add constraint FKhywmoag9j2ko4j4p50vh71ac7 
       foreign key (account_id) 
       references accounts
2025-06-08 23:44:45 - 
    alter table if exists journal_entry 
       add constraint FKgoiv5ivl6por3c8owvwho2mba 
       foreign key (transaction_id) 
       references transactions
Hibernate: 
    alter table if exists journal_entry 
       add constraint FKgoiv5ivl6por3c8owvwho2mba 
       foreign key (transaction_id) 
       references transactions
2025-06-08 23:44:45 - 
    alter table if exists transactions 
       add constraint FK7i7kboanveneetad7jyhbr0a7 
       foreign key (from_account_id) 
       references accounts
Hibernate: 
    alter table if exists transactions 
       add constraint FK7i7kboanveneetad7jyhbr0a7 
       foreign key (from_account_id) 
       references accounts
2025-06-08 23:44:45 - 
    alter table if exists transactions 
       add constraint FKra0an432c5wjo76mojluk0v28 
       foreign key (to_account_id) 
       references accounts
Hibernate: 
    alter table if exists transactions 
       add constraint FKra0an432c5wjo76mojluk0v28 
       foreign key (to_account_id) 
       references accounts
2025-06-08 23:44:45 - Initialized JPA EntityManagerFactory for persistence unit 'default'
2025-06-08 23:44:45 - Hibernate is in classpath; If applicable, HQL parser will be used.
2025-06-08 23:44:46 - spring.jpa.open-in-view is enabled by default. Therefore, database queries may be performed during view rendering. Explicitly configure spring.jpa.open-in-view to disable this warning
2025-06-08 23:44:46 - 8 mappings in 'requestMappingHandlerMapping'
2025-06-08 23:44:46 - Patterns [/webjars/**, /**] in 'resourceHandlerMapping'
2025-06-08 23:44:46 - ControllerAdvice beans: 0 @ModelAttribute, 0 @InitBinder, 1 RequestBodyAdvice, 1 ResponseBodyAdvice
2025-06-08 23:44:46 - ControllerAdvice beans: 1 @ExceptionHandler, 1 ResponseBodyAdvice
2025-06-08 23:44:46 - H2 console available at '/h2-console'. Database available at 'jdbc:h2:mem:testdb'
2025-06-08 23:44:46 - Tomcat started on port 58912 (http) with context path '/'
2025-06-08 23:44:46 - Started ApiIntegrationTest in 2.19 seconds (process running for 2.517)
2025-06-08 23:44:46 - Spring test ApplicationContext cache statistics: [DefaultContextCache@463fc3f6 size = 1, maxSize = 32, parentContextCount = 0, hitCount = 0, missCount = 1, failureCount = 0]
2025-06-08 23:44:46 - Spring test ApplicationContext cache statistics: [DefaultContextCache@463fc3f6 size = 1, maxSize = 32, parentContextCount = 0, hitCount = 1, missCount = 1, failureCount = 0]
2025-06-08 23:44:46 - Before test method: class [ApiIntegrationTest], method [testBatchTransfer_SuccessAndIdempotency], class annotated with @DirtiesContext [false] with mode [null], method annotated with @DirtiesContext [false] with mode [null]
2025-06-08 23:44:46 - Spring test ApplicationContext cache statistics: [DefaultContextCache@463fc3f6 size = 1, maxSize = 32, parentContextCount = 0, hitCount = 2, missCount = 1, failureCount = 0]
2025-06-08 23:44:46 - Spring test ApplicationContext cache statistics: [DefaultContextCache@463fc3f6 size = 1, maxSize = 32, parentContextCount = 0, hitCount = 3, missCount = 1, failureCount = 0]
2025-06-08 23:44:46 - Spring test ApplicationContext cache statistics: [DefaultContextCache@463fc3f6 size = 1, maxSize = 32, parentContextCount = 0, hitCount = 4, missCount = 1, failureCount = 0]
2025-06-08 23:44:46 - 
    select
        je1_0.id,
        je1_0.account_id,
        je1_0.credit_amount,
        je1_0.debit_amount,
        je1_0.description,
        je1_0.timestamp,
        je1_0.transaction_id 
    from
        journal_entry je1_0
Hibernate: 
    select
        je1_0.id,
        je1_0.account_id,
        je1_0.credit_amount,
        je1_0.debit_amount,
        je1_0.description,
        je1_0.timestamp,
        je1_0.transaction_id 
    from
        journal_entry je1_0
2025-06-08 23:44:46 - 
    select
        t1_0.id,
        t1_0.amount,
        t1_0.description,
        t1_0.from_account_id,
        t1_0.reference_id,
        t1_0.timestamp,
        t1_0.to_account_id 
    from
        transactions t1_0
Hibernate: 
    select
        t1_0.id,
        t1_0.amount,
        t1_0.description,
        t1_0.from_account_id,
        t1_0.reference_id,
        t1_0.timestamp,
        t1_0.to_account_id 
    from
        transactions t1_0
2025-06-08 23:44:46 - 
    select
        a1_0.id,
        a1_0.account_name,
        a1_0.account_number,
        a1_0.account_type,
        a1_0.balance,
        a1_0.created_at,
        a1_0.updated_at,
        a1_0.version 
    from
        accounts a1_0
Hibernate: 
    select
        a1_0.id,
        a1_0.account_name,
        a1_0.account_number,
        a1_0.account_type,
        a1_0.balance,
        a1_0.created_at,
        a1_0.updated_at,
        a1_0.version 
    from
        accounts a1_0
2025-06-08 23:44:46 - Spring test ApplicationContext cache statistics: [DefaultContextCache@463fc3f6 size = 1, maxSize = 32, parentContextCount = 0, hitCount = 5, missCount = 1, failureCount = 0]
2025-06-08 23:44:46 - HTTP POST http://localhost:58912/api/ledger/accounts
2025-06-08 23:44:46 - Accept=[application/json, application/*+json]
2025-06-08 23:44:46 - Writing [Account(id=null, accountNumber=ACC_BATCH_1, accountName=Test Account ACC_BATCH_1, balance=2000.00, accountType=ASSET, createdAt=null, updatedAt=null, version=null)] with org.springframework.http.converter.json.MappingJackson2HttpMessageConverter
2025-06-08 23:44:46 - Initializing Spring DispatcherServlet 'dispatcherServlet'
2025-06-08 23:44:46 - Initializing Servlet 'dispatcherServlet'
2025-06-08 23:44:46 - Detected StandardServletMultipartResolver
2025-06-08 23:44:46 - Detected AcceptHeaderLocaleResolver
2025-06-08 23:44:46 - Detected FixedThemeResolver
2025-06-08 23:44:46 - Detected org.springframework.web.servlet.view.DefaultRequestToViewNameTranslator@66abb7d4
2025-06-08 23:44:46 - Detected org.springframework.web.servlet.support.SessionFlashMapManager@10ac5a14
2025-06-08 23:44:46 - enableLoggingRequestDetails='false': request parameters and headers will be masked to prevent unsafe logging of potentially sensitive data
2025-06-08 23:44:46 - Completed initialization in 1 ms
2025-06-08 23:44:46 - POST "/api/ledger/accounts", parameters={}
2025-06-08 23:44:46 - Mapped to com.example.ledger.controller.LedgerController#createAccount(Account)
2025-06-08 23:44:46 - Read "application/json;charset=UTF-8" to [Account(id=null, accountNumber=ACC_BATCH_1, accountName=Test Account ACC_BATCH_1, balance=2000.00, a (truncated)...]
2025-06-08 23:44:46 - 
    select
        a1_0.id,
        a1_0.account_name,
        a1_0.account_number,
        a1_0.account_type,
        a1_0.balance,
        a1_0.created_at,
        a1_0.updated_at,
        a1_0.version 
    from
        accounts a1_0 
    where
        a1_0.account_number=?
Hibernate: 
    select
        a1_0.id,
        a1_0.account_name,
        a1_0.account_number,
        a1_0.account_type,
        a1_0.balance,
        a1_0.created_at,
        a1_0.updated_at,
        a1_0.version 
    from
        accounts a1_0 
    where
        a1_0.account_number=?
2025-06-08 23:44:46 - 
    insert 
    into
        accounts
        (account_name, account_number, account_type, balance, created_at, updated_at, version, id) 
    values
        (?, ?, ?, ?, ?, ?, ?, default)
Hibernate: 
    insert 
    into
        accounts
        (account_name, account_number, account_type, balance, created_at, updated_at, version, id) 
    values
        (?, ?, ?, ?, ?, ?, ?, default)
2025-06-08 23:44:46 - Using 'application/json', given [application/json, application/*+json] and supported [*/*]
2025-06-08 23:44:46 - Completed 200 OK
2025-06-08 23:44:46 - Response 200 OK
2025-06-08 23:44:46 - HTTP POST http://localhost:58912/api/ledger/accounts
2025-06-08 23:44:46 - Accept=[application/json, application/*+json]
2025-06-08 23:44:46 - Writing [Account(id=null, accountNumber=ACC_BATCH_2, accountName=Test Account ACC_BATCH_2, balance=1000.00, accountType=ASSET, createdAt=null, updatedAt=null, version=null)] with org.springframework.http.converter.json.MappingJackson2HttpMessageConverter
2025-06-08 23:44:46 - POST "/api/ledger/accounts", parameters={}
2025-06-08 23:44:46 - Mapped to com.example.ledger.controller.LedgerController#createAccount(Account)
2025-06-08 23:44:46 - Read "application/json;charset=UTF-8" to [Account(id=null, accountNumber=ACC_BATCH_2, accountName=Test Account ACC_BATCH_2, balance=1000.00, a (truncated)...]
2025-06-08 23:44:46 - 
    select
        a1_0.id,
        a1_0.account_name,
        a1_0.account_number,
        a1_0.account_type,
        a1_0.balance,
        a1_0.created_at,
        a1_0.updated_at,
        a1_0.version 
    from
        accounts a1_0 
    where
        a1_0.account_number=?
Hibernate: 
    select
        a1_0.id,
        a1_0.account_name,
        a1_0.account_number,
        a1_0.account_type,
        a1_0.balance,
        a1_0.created_at,
        a1_0.updated_at,
        a1_0.version 
    from
        accounts a1_0 
    where
        a1_0.account_number=?
2025-06-08 23:44:46 - 
    insert 
    into
        accounts
        (account_name, account_number, account_type, balance, created_at, updated_at, version, id) 
    values
        (?, ?, ?, ?, ?, ?, ?, default)
Hibernate: 
    insert 
    into
        accounts
        (account_name, account_number, account_type, balance, created_at, updated_at, version, id) 
    values
        (?, ?, ?, ?, ?, ?, ?, default)
2025-06-08 23:44:46 - Using 'application/json', given [application/json, application/*+json] and supported [*/*]
2025-06-08 23:44:46 - Completed 200 OK
2025-06-08 23:44:46 - Response 200 OK
2025-06-08 23:44:46 - HTTP POST http://localhost:58912/api/ledger/accounts
2025-06-08 23:44:46 - Accept=[application/json, application/*+json]
2025-06-08 23:44:46 - Writing [Account(id=null, accountNumber=ACC_BATCH_3, accountName=Test Account ACC_BATCH_3, balance=500.00, accountType=ASSET, createdAt=null, updatedAt=null, version=null)] with org.springframework.http.converter.json.MappingJackson2HttpMessageConverter
2025-06-08 23:44:46 - POST "/api/ledger/accounts", parameters={}
2025-06-08 23:44:46 - Mapped to com.example.ledger.controller.LedgerController#createAccount(Account)
2025-06-08 23:44:46 - Read "application/json;charset=UTF-8" to [Account(id=null, accountNumber=ACC_BATCH_3, accountName=Test Account ACC_BATCH_3, balance=500.00, ac (truncated)...]
2025-06-08 23:44:46 - 
    select
        a1_0.id,
        a1_0.account_name,
        a1_0.account_number,
        a1_0.account_type,
        a1_0.balance,
        a1_0.created_at,
        a1_0.updated_at,
        a1_0.version 
    from
        accounts a1_0 
    where
        a1_0.account_number=?
Hibernate: 
    select
        a1_0.id,
        a1_0.account_name,
        a1_0.account_number,
        a1_0.account_type,
        a1_0.balance,
        a1_0.created_at,
        a1_0.updated_at,
        a1_0.version 
    from
        accounts a1_0 
    where
        a1_0.account_number=?
2025-06-08 23:44:46 - 
    insert 
    into
        accounts
        (account_name, account_number, account_type, balance, created_at, updated_at, version, id) 
    values
        (?, ?, ?, ?, ?, ?, ?, default)
Hibernate: 
    insert 
    into
        accounts
        (account_name, account_number, account_type, balance, created_at, updated_at, version, id) 
    values
        (?, ?, ?, ?, ?, ?, ?, default)
2025-06-08 23:44:46 - Using 'application/json', given [application/json, application/*+json] and supported [*/*]
2025-06-08 23:44:46 - Completed 200 OK
2025-06-08 23:44:46 - Response 200 OK
2025-06-08 23:44:46 - HTTP POST http://localhost:58912/api/ledger/batch-transfer
2025-06-08 23:44:46 - Accept=[application/json, application/*+json]
2025-06-08 23:44:46 - Writing [[Lcom.example.ledger.dto.TransferRequest;@a3a54d6] with org.springframework.http.converter.json.MappingJackson2HttpMessageConverter
2025-06-08 23:44:46 - POST "/api/ledger/batch-transfer", parameters={}
2025-06-08 23:44:46 - Mapped to com.example.ledger.controller.LedgerController#executeBatchTransfer(TransferRequest[])
2025-06-08 23:44:46 - Read "application/json;charset=UTF-8" to [{TransferRequest(fromAccountNumber=ACC_BATCH_1, toAccountNumber=ACC_BATCH_2, amount=300.00, descript (truncated)...]
2025-06-08 23:44:46 - 
    select
        t1_0.id,
        t1_0.amount,
        t1_0.description,
        t1_0.from_account_id,
        t1_0.reference_id,
        t1_0.timestamp,
        t1_0.to_account_id 
    from
        transactions t1_0 
    where
        t1_0.reference_id=?
Hibernate: 
    select
        t1_0.id,
        t1_0.amount,
        t1_0.description,
        t1_0.from_account_id,
        t1_0.reference_id,
        t1_0.timestamp,
        t1_0.to_account_id 
    from
        transactions t1_0 
    where
        t1_0.reference_id=?
2025-06-08 23:44:46 - 
    select
        a1_0.id,
        a1_0.account_name,
        a1_0.account_number,
        a1_0.account_type,
        a1_0.balance,
        a1_0.created_at,
        a1_0.updated_at,
        a1_0.version 
    from
        accounts a1_0 
    where
        a1_0.account_number=?
Hibernate: 
    select
        a1_0.id,
        a1_0.account_name,
        a1_0.account_number,
        a1_0.account_type,
        a1_0.balance,
        a1_0.created_at,
        a1_0.updated_at,
        a1_0.version 
    from
        accounts a1_0 
    where
        a1_0.account_number=?
2025-06-08 23:44:46 - 
    select
        a1_0.id,
        a1_0.account_name,
        a1_0.account_number,
        a1_0.account_type,
        a1_0.balance,
        a1_0.created_at,
        a1_0.updated_at,
        a1_0.version 
    from
        accounts a1_0 
    where
        a1_0.account_number=?
Hibernate: 
    select
        a1_0.id,
        a1_0.account_name,
        a1_0.account_number,
        a1_0.account_type,
        a1_0.balance,
        a1_0.created_at,
        a1_0.updated_at,
        a1_0.version 
    from
        accounts a1_0 
    where
        a1_0.account_number=?
2025-06-08 23:44:46 - 
    insert 
    into
        transactions
        (amount, description, from_account_id, reference_id, timestamp, to_account_id, id) 
    values
        (?, ?, ?, ?, ?, ?, default)
Hibernate: 
    insert 
    into
        transactions
        (amount, description, from_account_id, reference_id, timestamp, to_account_id, id) 
    values
        (?, ?, ?, ?, ?, ?, default)
2025-06-08 23:44:46 - 
    insert 
    into
        journal_entry
        (account_id, credit_amount, debit_amount, description, timestamp, transaction_id, id) 
    values
        (?, ?, ?, ?, ?, ?, default)
Hibernate: 
    insert 
    into
        journal_entry
        (account_id, credit_amount, debit_amount, description, timestamp, transaction_id, id) 
    values
        (?, ?, ?, ?, ?, ?, default)
2025-06-08 23:44:46 - 
    insert 
    into
        journal_entry
        (account_id, credit_amount, debit_amount, description, timestamp, transaction_id, id) 
    values
        (?, ?, ?, ?, ?, ?, default)
Hibernate: 
    insert 
    into
        journal_entry
        (account_id, credit_amount, debit_amount, description, timestamp, transaction_id, id) 
    values
        (?, ?, ?, ?, ?, ?, default)
2025-06-08 23:44:46 - 
    select
        t1_0.id,
        t1_0.amount,
        t1_0.description,
        t1_0.from_account_id,
        t1_0.reference_id,
        t1_0.timestamp,
        t1_0.to_account_id 
    from
        transactions t1_0 
    where
        t1_0.reference_id=?
Hibernate: 
    select
        t1_0.id,
        t1_0.amount,
        t1_0.description,
        t1_0.from_account_id,
        t1_0.reference_id,
        t1_0.timestamp,
        t1_0.to_account_id 
    from
        transactions t1_0 
    where
        t1_0.reference_id=?
2025-06-08 23:44:46 - 
    update
        accounts 
    set
        account_name=?,
        account_number=?,
        account_type=?,
        balance=?,
        created_at=?,
        updated_at=?,
        version=? 
    where
        id=? 
        and version=?
Hibernate: 
    update
        accounts 
    set
        account_name=?,
        account_number=?,
        account_type=?,
        balance=?,
        created_at=?,
        updated_at=?,
        version=? 
    where
        id=? 
        and version=?
2025-06-08 23:44:46 - 
    update
        accounts 
    set
        account_name=?,
        account_number=?,
        account_type=?,
        balance=?,
        created_at=?,
        updated_at=?,
        version=? 
    where
        id=? 
        and version=?
Hibernate: 
    update
        accounts 
    set
        account_name=?,
        account_number=?,
        account_type=?,
        balance=?,
        created_at=?,
        updated_at=?,
        version=? 
    where
        id=? 
        and version=?
2025-06-08 23:44:46 - 
    select
        a1_0.id,
        a1_0.account_name,
        a1_0.account_number,
        a1_0.account_type,
        a1_0.balance,
        a1_0.created_at,
        a1_0.updated_at,
        a1_0.version 
    from
        accounts a1_0 
    where
        a1_0.account_number=?
Hibernate: 
    select
        a1_0.id,
        a1_0.account_name,
        a1_0.account_number,
        a1_0.account_type,
        a1_0.balance,
        a1_0.created_at,
        a1_0.updated_at,
        a1_0.version 
    from
        accounts a1_0 
    where
        a1_0.account_number=?
2025-06-08 23:44:46 - 
    select
        a1_0.id,
        a1_0.account_name,
        a1_0.account_number,
        a1_0.account_type,
        a1_0.balance,
        a1_0.created_at,
        a1_0.updated_at,
        a1_0.version 
    from
        accounts a1_0 
    where
        a1_0.account_number=?
Hibernate: 
    select
        a1_0.id,
        a1_0.account_name,
        a1_0.account_number,
        a1_0.account_type,
        a1_0.balance,
        a1_0.created_at,
        a1_0.updated_at,
        a1_0.version 
    from
        accounts a1_0 
    where
        a1_0.account_number=?
2025-06-08 23:44:46 - 
    insert 
    into
        transactions
        (amount, description, from_account_id, reference_id, timestamp, to_account_id, id) 
    values
        (?, ?, ?, ?, ?, ?, default)
Hibernate: 
    insert 
    into
        transactions
        (amount, description, from_account_id, reference_id, timestamp, to_account_id, id) 
    values
        (?, ?, ?, ?, ?, ?, default)
2025-06-08 23:44:46 - 
    insert 
    into
        journal_entry
        (account_id, credit_amount, debit_amount, description, timestamp, transaction_id, id) 
    values
        (?, ?, ?, ?, ?, ?, default)
Hibernate: 
    insert 
    into
        journal_entry
        (account_id, credit_amount, debit_amount, description, timestamp, transaction_id, id) 
    values
        (?, ?, ?, ?, ?, ?, default)
2025-06-08 23:44:46 - 
    insert 
    into
        journal_entry
        (account_id, credit_amount, debit_amount, description, timestamp, transaction_id, id) 
    values
        (?, ?, ?, ?, ?, ?, default)
Hibernate: 
    insert 
    into
        journal_entry
        (account_id, credit_amount, debit_amount, description, timestamp, transaction_id, id) 
    values
        (?, ?, ?, ?, ?, ?, default)
2025-06-08 23:44:46 - 
    update
        accounts 
    set
        account_name=?,
        account_number=?,
        account_type=?,
        balance=?,
        created_at=?,
        updated_at=?,
        version=? 
    where
        id=? 
        and version=?
Hibernate: 
    update
        accounts 
    set
        account_name=?,
        account_number=?,
        account_type=?,
        balance=?,
        created_at=?,
        updated_at=?,
        version=? 
    where
        id=? 
        and version=?
2025-06-08 23:44:46 - 
    update
        accounts 
    set
        account_name=?,
        account_number=?,
        account_type=?,
        balance=?,
        created_at=?,
        updated_at=?,
        version=? 
    where
        id=? 
        and version=?
Hibernate: 
    update
        accounts 
    set
        account_name=?,
        account_number=?,
        account_type=?,
        balance=?,
        created_at=?,
        updated_at=?,
        version=? 
    where
        id=? 
        and version=?
2025-06-08 23:44:46 - Using 'application/json', given [application/json, application/*+json] and supported [*/*]
2025-06-08 23:44:46 - Completed 200 OK
2025-06-08 23:44:46 - Response 200 OK
2025-06-08 23:44:46 - HTTP GET http://localhost:58912/api/ledger/accounts/ACC_BATCH_1
2025-06-08 23:44:46 - Accept=[application/json, application/*+json]
2025-06-08 23:44:46 - GET "/api/ledger/accounts/ACC_BATCH_1", parameters={}
2025-06-08 23:44:46 - Mapped to com.example.ledger.controller.LedgerController#getAccount(String)
2025-06-08 23:44:46 - 
    select
        a1_0.id,
        a1_0.account_name,
        a1_0.account_number,
        a1_0.account_type,
        a1_0.balance,
        a1_0.created_at,
        a1_0.updated_at,
        a1_0.version 
    from
        accounts a1_0 
    where
        a1_0.account_number=?
Hibernate: 
    select
        a1_0.id,
        a1_0.account_name,
        a1_0.account_number,
        a1_0.account_type,
        a1_0.balance,
        a1_0.created_at,
        a1_0.updated_at,
        a1_0.version 
    from
        accounts a1_0 
    where
        a1_0.account_number=?
2025-06-08 23:44:46 - Using 'application/json', given [application/json, application/*+json] and supported [application/json, application/*+json]
2025-06-08 23:44:46 - Writing [AccountResponse(accountNumber=ACC_BATCH_1, accountName=Test Account ACC_BATCH_1, balance=1700.00, ac (truncated)...]
2025-06-08 23:44:46 - Completed 200 OK
2025-06-08 23:44:46 - Response 200 OK
2025-06-08 23:44:46 - Reading to [com.example.ledger.dto.AccountResponse]
2025-06-08 23:44:46 - HTTP GET http://localhost:58912/api/ledger/accounts/ACC_BATCH_2
2025-06-08 23:44:46 - Accept=[application/json, application/*+json]
2025-06-08 23:44:46 - GET "/api/ledger/accounts/ACC_BATCH_2", parameters={}
2025-06-08 23:44:46 - Mapped to com.example.ledger.controller.LedgerController#getAccount(String)
2025-06-08 23:44:46 - 
    select
        a1_0.id,
        a1_0.account_name,
        a1_0.account_number,
        a1_0.account_type,
        a1_0.balance,
        a1_0.created_at,
        a1_0.updated_at,
        a1_0.version 
    from
        accounts a1_0 
    where
        a1_0.account_number=?
Hibernate: 
    select
        a1_0.id,
        a1_0.account_name,
        a1_0.account_number,
        a1_0.account_type,
        a1_0.balance,
        a1_0.created_at,
        a1_0.updated_at,
        a1_0.version 
    from
        accounts a1_0 
    where
        a1_0.account_number=?
2025-06-08 23:44:46 - Using 'application/json', given [application/json, application/*+json] and supported [application/json, application/*+json]
2025-06-08 23:44:46 - Writing [AccountResponse(accountNumber=ACC_BATCH_2, accountName=Test Account ACC_BATCH_2, balance=900.00, acc (truncated)...]
2025-06-08 23:44:46 - Completed 200 OK
2025-06-08 23:44:46 - Response 200 OK
2025-06-08 23:44:46 - Reading to [com.example.ledger.dto.AccountResponse]
2025-06-08 23:44:46 - HTTP GET http://localhost:58912/api/ledger/accounts/ACC_BATCH_3
2025-06-08 23:44:46 - Accept=[application/json, application/*+json]
2025-06-08 23:44:46 - GET "/api/ledger/accounts/ACC_BATCH_3", parameters={}
2025-06-08 23:44:46 - Mapped to com.example.ledger.controller.LedgerController#getAccount(String)
2025-06-08 23:44:46 - 
    select
        a1_0.id,
        a1_0.account_name,
        a1_0.account_number,
        a1_0.account_type,
        a1_0.balance,
        a1_0.created_at,
        a1_0.updated_at,
        a1_0.version 
    from
        accounts a1_0 
    where
        a1_0.account_number=?
Hibernate: 
    select
        a1_0.id,
        a1_0.account_name,
        a1_0.account_number,
        a1_0.account_type,
        a1_0.balance,
        a1_0.created_at,
        a1_0.updated_at,
        a1_0.version 
    from
        accounts a1_0 
    where
        a1_0.account_number=?
2025-06-08 23:44:46 - Using 'application/json', given [application/json, application/*+json] and supported [application/json, application/*+json]
2025-06-08 23:44:46 - Writing [AccountResponse(accountNumber=ACC_BATCH_3, accountName=Test Account ACC_BATCH_3, balance=900.00, acc (truncated)...]
2025-06-08 23:44:46 - Completed 200 OK
2025-06-08 23:44:46 - Response 200 OK
2025-06-08 23:44:46 - Reading to [com.example.ledger.dto.AccountResponse]
2025-06-08 23:44:47 - 
    select
        count(*) 
    from
        transactions t1_0
Hibernate: 
    select
        count(*) 
    from
        transactions t1_0
2025-06-08 23:44:47 - 
    select
        count(*) 
    from
        journal_entry je1_0
Hibernate: 
    select
        count(*) 
    from
        journal_entry je1_0
2025-06-08 23:44:47 - HTTP POST http://localhost:58912/api/ledger/batch-transfer
2025-06-08 23:44:47 - Accept=[text/plain, application/json, application/*+json, */*]
2025-06-08 23:44:47 - Writing [[Lcom.example.ledger.dto.TransferRequest;@a3a54d6] with org.springframework.http.converter.json.MappingJackson2HttpMessageConverter
2025-06-08 23:44:47 - POST "/api/ledger/batch-transfer", parameters={}
2025-06-08 23:44:47 - Mapped to com.example.ledger.controller.LedgerController#executeBatchTransfer(TransferRequest[])
2025-06-08 23:44:47 - Read "application/json;charset=UTF-8" to [{TransferRequest(fromAccountNumber=ACC_BATCH_1, toAccountNumber=ACC_BATCH_2, amount=300.00, descript (truncated)...]
2025-06-08 23:44:47 - 
    select
        t1_0.id,
        t1_0.amount,
        t1_0.description,
        t1_0.from_account_id,
        t1_0.reference_id,
        t1_0.timestamp,
        t1_0.to_account_id 
    from
        transactions t1_0 
    where
        t1_0.reference_id=?
Hibernate: 
    select
        t1_0.id,
        t1_0.amount,
        t1_0.description,
        t1_0.from_account_id,
        t1_0.reference_id,
        t1_0.timestamp,
        t1_0.to_account_id 
    from
        transactions t1_0 
    where
        t1_0.reference_id=?
2025-06-08 23:44:47 - 
    select
        a1_0.id,
        a1_0.account_name,
        a1_0.account_number,
        a1_0.account_type,
        a1_0.balance,
        a1_0.created_at,
        a1_0.updated_at,
        a1_0.version 
    from
        accounts a1_0 
    where
        a1_0.id=?
Hibernate: 
    select
        a1_0.id,
        a1_0.account_name,
        a1_0.account_number,
        a1_0.account_type,
        a1_0.balance,
        a1_0.created_at,
        a1_0.updated_at,
        a1_0.version 
    from
        accounts a1_0 
    where
        a1_0.id=?
2025-06-08 23:44:47 - 
    select
        a1_0.id,
        a1_0.account_name,
        a1_0.account_number,
        a1_0.account_type,
        a1_0.balance,
        a1_0.created_at,
        a1_0.updated_at,
        a1_0.version 
    from
        accounts a1_0 
    where
        a1_0.id=?
Hibernate: 
    select
        a1_0.id,
        a1_0.account_name,
        a1_0.account_number,
        a1_0.account_type,
        a1_0.balance,
        a1_0.created_at,
        a1_0.updated_at,
        a1_0.version 
    from
        accounts a1_0 
    where
        a1_0.id=?
2025-06-08 23:44:47 - Using @ExceptionHandler com.example.ledger.exception.RestExceptionHandler#handleDuplicateTransaction(DuplicateTransactionException, WebRequest)
2025-06-08 23:44:47 - Using 'application/json', given [text/plain, application/json, application/*+json, */*] and supported [application/json, application/*+json]
2025-06-08 23:44:47 - Writing [{error=Transaction with this reference ID already exists}]
2025-06-08 23:44:47 - Resolved [com.example.ledger.exception.DuplicateTransactionException: Transaction with this reference ID already exists]
2025-06-08 23:44:47 - Completed 400 BAD_REQUEST
2025-06-08 23:44:47 - Response 400 BAD_REQUEST
2025-06-08 23:44:47 - Reading to [java.lang.String] as "application/json"
2025-06-08 23:44:47 - HTTP GET http://localhost:58912/api/ledger/accounts/ACC_BATCH_1
2025-06-08 23:44:47 - Accept=[application/json, application/*+json]
2025-06-08 23:44:47 - GET "/api/ledger/accounts/ACC_BATCH_1", parameters={}
2025-06-08 23:44:47 - Mapped to com.example.ledger.controller.LedgerController#getAccount(String)
2025-06-08 23:44:47 - 
    select
        a1_0.id,
        a1_0.account_name,
        a1_0.account_number,
        a1_0.account_type,
        a1_0.balance,
        a1_0.created_at,
        a1_0.updated_at,
        a1_0.version 
    from
        accounts a1_0 
    where
        a1_0.account_number=?
Hibernate: 
    select
        a1_0.id,
        a1_0.account_name,
        a1_0.account_number,
        a1_0.account_type,
        a1_0.balance,
        a1_0.created_at,
        a1_0.updated_at,
        a1_0.version 
    from
        accounts a1_0 
    where
        a1_0.account_number=?
2025-06-08 23:44:47 - Using 'application/json', given [application/json, application/*+json] and supported [application/json, application/*+json]
2025-06-08 23:44:47 - Writing [AccountResponse(accountNumber=ACC_BATCH_1, accountName=Test Account ACC_BATCH_1, balance=1700.00, ac (truncated)...]
2025-06-08 23:44:47 - Completed 200 OK
2025-06-08 23:44:47 - Response 200 OK
2025-06-08 23:44:47 - Reading to [com.example.ledger.dto.AccountResponse]
2025-06-08 23:44:47 - HTTP GET http://localhost:58912/api/ledger/accounts/ACC_BATCH_2
2025-06-08 23:44:47 - Accept=[application/json, application/*+json]
2025-06-08 23:44:47 - GET "/api/ledger/accounts/ACC_BATCH_2", parameters={}
2025-06-08 23:44:47 - Mapped to com.example.ledger.controller.LedgerController#getAccount(String)
2025-06-08 23:44:47 - 
    select
        a1_0.id,
        a1_0.account_name,
        a1_0.account_number,
        a1_0.account_type,
        a1_0.balance,
        a1_0.created_at,
        a1_0.updated_at,
        a1_0.version 
    from
        accounts a1_0 
    where
        a1_0.account_number=?
Hibernate: 
    select
        a1_0.id,
        a1_0.account_name,
        a1_0.account_number,
        a1_0.account_type,
        a1_0.balance,
        a1_0.created_at,
        a1_0.updated_at,
        a1_0.version 
    from
        accounts a1_0 
    where
        a1_0.account_number=?
2025-06-08 23:44:47 - Using 'application/json', given [application/json, application/*+json] and supported [application/json, application/*+json]
2025-06-08 23:44:47 - Writing [AccountResponse(accountNumber=ACC_BATCH_2, accountName=Test Account ACC_BATCH_2, balance=900.00, acc (truncated)...]
2025-06-08 23:44:47 - Completed 200 OK
2025-06-08 23:44:47 - Response 200 OK
2025-06-08 23:44:47 - Reading to [com.example.ledger.dto.AccountResponse]
2025-06-08 23:44:47 - HTTP GET http://localhost:58912/api/ledger/accounts/ACC_BATCH_3
2025-06-08 23:44:47 - Accept=[application/json, application/*+json]
2025-06-08 23:44:47 - GET "/api/ledger/accounts/ACC_BATCH_3", parameters={}
2025-06-08 23:44:47 - Mapped to com.example.ledger.controller.LedgerController#getAccount(String)
2025-06-08 23:44:47 - 
    select
        a1_0.id,
        a1_0.account_name,
        a1_0.account_number,
        a1_0.account_type,
        a1_0.balance,
        a1_0.created_at,
        a1_0.updated_at,
        a1_0.version 
    from
        accounts a1_0 
    where
        a1_0.account_number=?
Hibernate: 
    select
        a1_0.id,
        a1_0.account_name,
        a1_0.account_number,
        a1_0.account_type,
        a1_0.balance,
        a1_0.created_at,
        a1_0.updated_at,
        a1_0.version 
    from
        accounts a1_0 
    where
        a1_0.account_number=?
2025-06-08 23:44:47 - Using 'application/json', given [application/json, application/*+json] and supported [application/json, application/*+json]
2025-06-08 23:44:47 - Writing [AccountResponse(accountNumber=ACC_BATCH_3, accountName=Test Account ACC_BATCH_3, balance=900.00, acc (truncated)...]
2025-06-08 23:44:47 - Completed 200 OK
2025-06-08 23:44:47 - Response 200 OK
2025-06-08 23:44:47 - Reading to [com.example.ledger.dto.AccountResponse]
2025-06-08 23:44:47 - 
    select
        count(*) 
    from
        transactions t1_0
Hibernate: 
    select
        count(*) 
    from
        transactions t1_0
2025-06-08 23:44:47 - 
    select
        count(*) 
    from
        journal_entry je1_0
Hibernate: 
    select
        count(*) 
    from
        journal_entry je1_0
2025-06-08 23:44:47 - Spring test ApplicationContext cache statistics: [DefaultContextCache@463fc3f6 size = 1, maxSize = 32, parentContextCount = 0, hitCount = 6, missCount = 1, failureCount = 0]
2025-06-08 23:44:47 - Spring test ApplicationContext cache statistics: [DefaultContextCache@463fc3f6 size = 1, maxSize = 32, parentContextCount = 0, hitCount = 7, missCount = 1, failureCount = 0]
2025-06-08 23:44:47 - Spring test ApplicationContext cache statistics: [DefaultContextCache@463fc3f6 size = 1, maxSize = 32, parentContextCount = 0, hitCount = 8, missCount = 1, failureCount = 0]
2025-06-08 23:44:47 - Spring test ApplicationContext cache statistics: [DefaultContextCache@463fc3f6 size = 1, maxSize = 32, parentContextCount = 0, hitCount = 9, missCount = 1, failureCount = 0]
2025-06-08 23:44:47 - Spring test ApplicationContext cache statistics: [DefaultContextCache@463fc3f6 size = 1, maxSize = 32, parentContextCount = 0, hitCount = 10, missCount = 1, failureCount = 0]
2025-06-08 23:44:47 - Spring test ApplicationContext cache statistics: [DefaultContextCache@463fc3f6 size = 1, maxSize = 32, parentContextCount = 0, hitCount = 11, missCount = 1, failureCount = 0]
2025-06-08 23:44:47 - Spring test ApplicationContext cache statistics: [DefaultContextCache@463fc3f6 size = 1, maxSize = 32, parentContextCount = 0, hitCount = 12, missCount = 1, failureCount = 0]
2025-06-08 23:44:47 - After test method: class [ApiIntegrationTest], method [testBatchTransfer_SuccessAndIdempotency], class annotated with @DirtiesContext [false] with mode [null], method annotated with @DirtiesContext [false] with mode [null]
]]></system-out>
    <system-err><![CDATA[Mockito is currently self-attaching to enable the inline-mock-maker. This will no longer work in future releases of the JDK. Please add Mockito as an agent to your build what is described in Mockito's documentation: https://javadoc.io/doc/org.mockito/mockito-core/latest/org/mockito/Mockito.html#0.3
WARNING: A Java agent has been loaded dynamically (/Users/tomma/.m2/repository/net/bytebuddy/byte-buddy-agent/1.15.11/byte-buddy-agent-1.15.11.jar)
WARNING: If a serviceability tool is in use, please run with -XX:+EnableDynamicAgentLoading to hide this warning
WARNING: If a serviceability tool is not in use, please run with -Djdk.instrument.traceUsage for more information
WARNING: Dynamic loading of agents will be disallowed by default in a future release
]]></system-err>
  </testcase>
  <testcase name="testTransfer_SuccessAndIdempotency" classname="com.example.ledger.integration.ApiIntegrationTest" time="0.052">
    <system-out><![CDATA[2025-06-08 23:44:47 - Performing dependency injection for test class com.example.ledger.integration.ApiIntegrationTest
2025-06-08 23:44:47 - Spring test ApplicationContext cache statistics: [DefaultContextCache@463fc3f6 size = 1, maxSize = 32, parentContextCount = 0, hitCount = 13, missCount = 1, failureCount = 0]
2025-06-08 23:44:47 - Spring test ApplicationContext cache statistics: [DefaultContextCache@463fc3f6 size = 1, maxSize = 32, parentContextCount = 0, hitCount = 14, missCount = 1, failureCount = 0]
2025-06-08 23:44:47 - Before test method: class [ApiIntegrationTest], method [testTransfer_SuccessAndIdempotency], class annotated with @DirtiesContext [false] with mode [null], method annotated with @DirtiesContext [false] with mode [null]
2025-06-08 23:44:47 - Spring test ApplicationContext cache statistics: [DefaultContextCache@463fc3f6 size = 1, maxSize = 32, parentContextCount = 0, hitCount = 15, missCount = 1, failureCount = 0]
2025-06-08 23:44:47 - Spring test ApplicationContext cache statistics: [DefaultContextCache@463fc3f6 size = 1, maxSize = 32, parentContextCount = 0, hitCount = 16, missCount = 1, failureCount = 0]
2025-06-08 23:44:47 - Spring test ApplicationContext cache statistics: [DefaultContextCache@463fc3f6 size = 1, maxSize = 32, parentContextCount = 0, hitCount = 17, missCount = 1, failureCount = 0]
2025-06-08 23:44:47 - 
    select
        je1_0.id,
        je1_0.account_id,
        je1_0.credit_amount,
        je1_0.debit_amount,
        je1_0.description,
        je1_0.timestamp,
        je1_0.transaction_id 
    from
        journal_entry je1_0
Hibernate: 
    select
        je1_0.id,
        je1_0.account_id,
        je1_0.credit_amount,
        je1_0.debit_amount,
        je1_0.description,
        je1_0.timestamp,
        je1_0.transaction_id 
    from
        journal_entry je1_0
2025-06-08 23:44:47 - 
    select
        a1_0.id,
        a1_0.account_name,
        a1_0.account_number,
        a1_0.account_type,
        a1_0.balance,
        a1_0.created_at,
        a1_0.updated_at,
        a1_0.version 
    from
        accounts a1_0 
    where
        a1_0.id=?
Hibernate: 
    select
        a1_0.id,
        a1_0.account_name,
        a1_0.account_number,
        a1_0.account_type,
        a1_0.balance,
        a1_0.created_at,
        a1_0.updated_at,
        a1_0.version 
    from
        accounts a1_0 
    where
        a1_0.id=?
2025-06-08 23:44:47 - 
    select
        t1_0.id,
        t1_0.amount,
        t1_0.description,
        t1_0.from_account_id,
        fa1_0.id,
        fa1_0.account_name,
        fa1_0.account_number,
        fa1_0.account_type,
        fa1_0.balance,
        fa1_0.created_at,
        fa1_0.updated_at,
        fa1_0.version,
        t1_0.reference_id,
        t1_0.timestamp,
        t1_0.to_account_id,
        ta1_0.id,
        ta1_0.account_name,
        ta1_0.account_number,
        ta1_0.account_type,
        ta1_0.balance,
        ta1_0.created_at,
        ta1_0.updated_at,
        ta1_0.version 
    from
        transactions t1_0 
    join
        accounts fa1_0 
            on fa1_0.id=t1_0.from_account_id 
    join
        accounts ta1_0 
            on ta1_0.id=t1_0.to_account_id 
    where
        t1_0.id=?
Hibernate: 
    select
        t1_0.id,
        t1_0.amount,
        t1_0.description,
        t1_0.from_account_id,
        fa1_0.id,
        fa1_0.account_name,
        fa1_0.account_number,
        fa1_0.account_type,
        fa1_0.balance,
        fa1_0.created_at,
        fa1_0.updated_at,
        fa1_0.version,
        t1_0.reference_id,
        t1_0.timestamp,
        t1_0.to_account_id,
        ta1_0.id,
        ta1_0.account_name,
        ta1_0.account_number,
        ta1_0.account_type,
        ta1_0.balance,
        ta1_0.created_at,
        ta1_0.updated_at,
        ta1_0.version 
    from
        transactions t1_0 
    join
        accounts fa1_0 
            on fa1_0.id=t1_0.from_account_id 
    join
        accounts ta1_0 
            on ta1_0.id=t1_0.to_account_id 
    where
        t1_0.id=?
2025-06-08 23:44:47 - 
    select
        t1_0.id,
        t1_0.amount,
        t1_0.description,
        t1_0.from_account_id,
        fa1_0.id,
        fa1_0.account_name,
        fa1_0.account_number,
        fa1_0.account_type,
        fa1_0.balance,
        fa1_0.created_at,
        fa1_0.updated_at,
        fa1_0.version,
        t1_0.reference_id,
        t1_0.timestamp,
        t1_0.to_account_id,
        ta1_0.id,
        ta1_0.account_name,
        ta1_0.account_number,
        ta1_0.account_type,
        ta1_0.balance,
        ta1_0.created_at,
        ta1_0.updated_at,
        ta1_0.version 
    from
        transactions t1_0 
    join
        accounts fa1_0 
            on fa1_0.id=t1_0.from_account_id 
    join
        accounts ta1_0 
            on ta1_0.id=t1_0.to_account_id 
    where
        t1_0.id=?
Hibernate: 
    select
        t1_0.id,
        t1_0.amount,
        t1_0.description,
        t1_0.from_account_id,
        fa1_0.id,
        fa1_0.account_name,
        fa1_0.account_number,
        fa1_0.account_type,
        fa1_0.balance,
        fa1_0.created_at,
        fa1_0.updated_at,
        fa1_0.version,
        t1_0.reference_id,
        t1_0.timestamp,
        t1_0.to_account_id,
        ta1_0.id,
        ta1_0.account_name,
        ta1_0.account_number,
        ta1_0.account_type,
        ta1_0.balance,
        ta1_0.created_at,
        ta1_0.updated_at,
        ta1_0.version 
    from
        transactions t1_0 
    join
        accounts fa1_0 
            on fa1_0.id=t1_0.from_account_id 
    join
        accounts ta1_0 
            on ta1_0.id=t1_0.to_account_id 
    where
        t1_0.id=?
2025-06-08 23:44:47 - 
    delete 
    from
        journal_entry 
    where
        id=?
Hibernate: 
    delete 
    from
        journal_entry 
    where
        id=?
2025-06-08 23:44:47 - 
    delete 
    from
        journal_entry 
    where
        id=?
Hibernate: 
    delete 
    from
        journal_entry 
    where
        id=?
2025-06-08 23:44:47 - 
    delete 
    from
        journal_entry 
    where
        id=?
Hibernate: 
    delete 
    from
        journal_entry 
    where
        id=?
2025-06-08 23:44:47 - 
    delete 
    from
        journal_entry 
    where
        id=?
Hibernate: 
    delete 
    from
        journal_entry 
    where
        id=?
2025-06-08 23:44:47 - 
    select
        t1_0.id,
        t1_0.amount,
        t1_0.description,
        t1_0.from_account_id,
        t1_0.reference_id,
        t1_0.timestamp,
        t1_0.to_account_id 
    from
        transactions t1_0
Hibernate: 
    select
        t1_0.id,
        t1_0.amount,
        t1_0.description,
        t1_0.from_account_id,
        t1_0.reference_id,
        t1_0.timestamp,
        t1_0.to_account_id 
    from
        transactions t1_0
2025-06-08 23:44:47 - 
    select
        a1_0.id,
        a1_0.account_name,
        a1_0.account_number,
        a1_0.account_type,
        a1_0.balance,
        a1_0.created_at,
        a1_0.updated_at,
        a1_0.version 
    from
        accounts a1_0 
    where
        a1_0.id=?
Hibernate: 
    select
        a1_0.id,
        a1_0.account_name,
        a1_0.account_number,
        a1_0.account_type,
        a1_0.balance,
        a1_0.created_at,
        a1_0.updated_at,
        a1_0.version 
    from
        accounts a1_0 
    where
        a1_0.id=?
2025-06-08 23:44:47 - 
    select
        a1_0.id,
        a1_0.account_name,
        a1_0.account_number,
        a1_0.account_type,
        a1_0.balance,
        a1_0.created_at,
        a1_0.updated_at,
        a1_0.version 
    from
        accounts a1_0 
    where
        a1_0.id=?
Hibernate: 
    select
        a1_0.id,
        a1_0.account_name,
        a1_0.account_number,
        a1_0.account_type,
        a1_0.balance,
        a1_0.created_at,
        a1_0.updated_at,
        a1_0.version 
    from
        accounts a1_0 
    where
        a1_0.id=?
2025-06-08 23:44:47 - 
    select
        a1_0.id,
        a1_0.account_name,
        a1_0.account_number,
        a1_0.account_type,
        a1_0.balance,
        a1_0.created_at,
        a1_0.updated_at,
        a1_0.version 
    from
        accounts a1_0 
    where
        a1_0.id=?
Hibernate: 
    select
        a1_0.id,
        a1_0.account_name,
        a1_0.account_number,
        a1_0.account_type,
        a1_0.balance,
        a1_0.created_at,
        a1_0.updated_at,
        a1_0.version 
    from
        accounts a1_0 
    where
        a1_0.id=?
2025-06-08 23:44:47 - 
    delete 
    from
        transactions 
    where
        id=?
Hibernate: 
    delete 
    from
        transactions 
    where
        id=?
2025-06-08 23:44:47 - 
    delete 
    from
        transactions 
    where
        id=?
Hibernate: 
    delete 
    from
        transactions 
    where
        id=?
2025-06-08 23:44:47 - 
    select
        a1_0.id,
        a1_0.account_name,
        a1_0.account_number,
        a1_0.account_type,
        a1_0.balance,
        a1_0.created_at,
        a1_0.updated_at,
        a1_0.version 
    from
        accounts a1_0
Hibernate: 
    select
        a1_0.id,
        a1_0.account_name,
        a1_0.account_number,
        a1_0.account_type,
        a1_0.balance,
        a1_0.created_at,
        a1_0.updated_at,
        a1_0.version 
    from
        accounts a1_0
2025-06-08 23:44:47 - 
    delete 
    from
        accounts 
    where
        id=? 
        and version=?
Hibernate: 
    delete 
    from
        accounts 
    where
        id=? 
        and version=?
2025-06-08 23:44:47 - 
    delete 
    from
        accounts 
    where
        id=? 
        and version=?
Hibernate: 
    delete 
    from
        accounts 
    where
        id=? 
        and version=?
2025-06-08 23:44:47 - 
    delete 
    from
        accounts 
    where
        id=? 
        and version=?
Hibernate: 
    delete 
    from
        accounts 
    where
        id=? 
        and version=?
2025-06-08 23:44:47 - Spring test ApplicationContext cache statistics: [DefaultContextCache@463fc3f6 size = 1, maxSize = 32, parentContextCount = 0, hitCount = 18, missCount = 1, failureCount = 0]
2025-06-08 23:44:47 - HTTP POST http://localhost:58912/api/ledger/accounts
2025-06-08 23:44:47 - Accept=[application/json, application/*+json]
2025-06-08 23:44:47 - Writing [Account(id=null, accountNumber=ACC_SRC_1, accountName=Test Account ACC_SRC_1, balance=1000.00, accountType=ASSET, createdAt=null, updatedAt=null, version=null)] with org.springframework.http.converter.json.MappingJackson2HttpMessageConverter
2025-06-08 23:44:47 - POST "/api/ledger/accounts", parameters={}
2025-06-08 23:44:47 - Mapped to com.example.ledger.controller.LedgerController#createAccount(Account)
2025-06-08 23:44:47 - Read "application/json;charset=UTF-8" to [Account(id=null, accountNumber=ACC_SRC_1, accountName=Test Account ACC_SRC_1, balance=1000.00, accou (truncated)...]
2025-06-08 23:44:47 - 
    select
        a1_0.id,
        a1_0.account_name,
        a1_0.account_number,
        a1_0.account_type,
        a1_0.balance,
        a1_0.created_at,
        a1_0.updated_at,
        a1_0.version 
    from
        accounts a1_0 
    where
        a1_0.account_number=?
Hibernate: 
    select
        a1_0.id,
        a1_0.account_name,
        a1_0.account_number,
        a1_0.account_type,
        a1_0.balance,
        a1_0.created_at,
        a1_0.updated_at,
        a1_0.version 
    from
        accounts a1_0 
    where
        a1_0.account_number=?
2025-06-08 23:44:47 - 
    insert 
    into
        accounts
        (account_name, account_number, account_type, balance, created_at, updated_at, version, id) 
    values
        (?, ?, ?, ?, ?, ?, ?, default)
Hibernate: 
    insert 
    into
        accounts
        (account_name, account_number, account_type, balance, created_at, updated_at, version, id) 
    values
        (?, ?, ?, ?, ?, ?, ?, default)
2025-06-08 23:44:47 - Using 'application/json', given [application/json, application/*+json] and supported [*/*]
2025-06-08 23:44:47 - Completed 200 OK
2025-06-08 23:44:47 - Response 200 OK
2025-06-08 23:44:47 - HTTP POST http://localhost:58912/api/ledger/accounts
2025-06-08 23:44:47 - Accept=[application/json, application/*+json]
2025-06-08 23:44:47 - Writing [Account(id=null, accountNumber=ACC_DST_1, accountName=Test Account ACC_DST_1, balance=500.00, accountType=ASSET, createdAt=null, updatedAt=null, version=null)] with org.springframework.http.converter.json.MappingJackson2HttpMessageConverter
2025-06-08 23:44:47 - POST "/api/ledger/accounts", parameters={}
2025-06-08 23:44:47 - Mapped to com.example.ledger.controller.LedgerController#createAccount(Account)
2025-06-08 23:44:47 - Read "application/json;charset=UTF-8" to [Account(id=null, accountNumber=ACC_DST_1, accountName=Test Account ACC_DST_1, balance=500.00, accoun (truncated)...]
2025-06-08 23:44:47 - 
    select
        a1_0.id,
        a1_0.account_name,
        a1_0.account_number,
        a1_0.account_type,
        a1_0.balance,
        a1_0.created_at,
        a1_0.updated_at,
        a1_0.version 
    from
        accounts a1_0 
    where
        a1_0.account_number=?
Hibernate: 
    select
        a1_0.id,
        a1_0.account_name,
        a1_0.account_number,
        a1_0.account_type,
        a1_0.balance,
        a1_0.created_at,
        a1_0.updated_at,
        a1_0.version 
    from
        accounts a1_0 
    where
        a1_0.account_number=?
2025-06-08 23:44:47 - 
    insert 
    into
        accounts
        (account_name, account_number, account_type, balance, created_at, updated_at, version, id) 
    values
        (?, ?, ?, ?, ?, ?, ?, default)
Hibernate: 
    insert 
    into
        accounts
        (account_name, account_number, account_type, balance, created_at, updated_at, version, id) 
    values
        (?, ?, ?, ?, ?, ?, ?, default)
2025-06-08 23:44:47 - Using 'application/json', given [application/json, application/*+json] and supported [*/*]
2025-06-08 23:44:47 - Completed 200 OK
2025-06-08 23:44:47 - Response 200 OK
2025-06-08 23:44:47 - HTTP POST http://localhost:58912/api/ledger/transfer
2025-06-08 23:44:47 - Accept=[application/json, application/*+json]
2025-06-08 23:44:47 - Writing [TransferRequest(fromAccountNumber=ACC_SRC_1, toAccountNumber=ACC_DST_1, amount=200.00, description=Idempotent Transfer, referenceId=7ebea52e-58a8-4548-8d8f-cdb21fa3334a)] with org.springframework.http.converter.json.MappingJackson2HttpMessageConverter
2025-06-08 23:44:47 - POST "/api/ledger/transfer", parameters={}
2025-06-08 23:44:47 - Mapped to com.example.ledger.controller.LedgerController#executeTransfer(TransferRequest)
2025-06-08 23:44:47 - Read "application/json;charset=UTF-8" to [TransferRequest(fromAccountNumber=ACC_SRC_1, toAccountNumber=ACC_DST_1, amount=200.00, description=I (truncated)...]
2025-06-08 23:44:47 - 
    select
        t1_0.id,
        t1_0.amount,
        t1_0.description,
        t1_0.from_account_id,
        t1_0.reference_id,
        t1_0.timestamp,
        t1_0.to_account_id 
    from
        transactions t1_0 
    where
        t1_0.reference_id=?
Hibernate: 
    select
        t1_0.id,
        t1_0.amount,
        t1_0.description,
        t1_0.from_account_id,
        t1_0.reference_id,
        t1_0.timestamp,
        t1_0.to_account_id 
    from
        transactions t1_0 
    where
        t1_0.reference_id=?
2025-06-08 23:44:47 - 
    select
        a1_0.id,
        a1_0.account_name,
        a1_0.account_number,
        a1_0.account_type,
        a1_0.balance,
        a1_0.created_at,
        a1_0.updated_at,
        a1_0.version 
    from
        accounts a1_0 
    where
        a1_0.account_number=?
Hibernate: 
    select
        a1_0.id,
        a1_0.account_name,
        a1_0.account_number,
        a1_0.account_type,
        a1_0.balance,
        a1_0.created_at,
        a1_0.updated_at,
        a1_0.version 
    from
        accounts a1_0 
    where
        a1_0.account_number=?
2025-06-08 23:44:47 - 
    select
        a1_0.id,
        a1_0.account_name,
        a1_0.account_number,
        a1_0.account_type,
        a1_0.balance,
        a1_0.created_at,
        a1_0.updated_at,
        a1_0.version 
    from
        accounts a1_0 
    where
        a1_0.account_number=?
Hibernate: 
    select
        a1_0.id,
        a1_0.account_name,
        a1_0.account_number,
        a1_0.account_type,
        a1_0.balance,
        a1_0.created_at,
        a1_0.updated_at,
        a1_0.version 
    from
        accounts a1_0 
    where
        a1_0.account_number=?
2025-06-08 23:44:47 - 
    insert 
    into
        transactions
        (amount, description, from_account_id, reference_id, timestamp, to_account_id, id) 
    values
        (?, ?, ?, ?, ?, ?, default)
Hibernate: 
    insert 
    into
        transactions
        (amount, description, from_account_id, reference_id, timestamp, to_account_id, id) 
    values
        (?, ?, ?, ?, ?, ?, default)
2025-06-08 23:44:47 - 
    insert 
    into
        journal_entry
        (account_id, credit_amount, debit_amount, description, timestamp, transaction_id, id) 
    values
        (?, ?, ?, ?, ?, ?, default)
Hibernate: 
    insert 
    into
        journal_entry
        (account_id, credit_amount, debit_amount, description, timestamp, transaction_id, id) 
    values
        (?, ?, ?, ?, ?, ?, default)
2025-06-08 23:44:47 - 
    insert 
    into
        journal_entry
        (account_id, credit_amount, debit_amount, description, timestamp, transaction_id, id) 
    values
        (?, ?, ?, ?, ?, ?, default)
Hibernate: 
    insert 
    into
        journal_entry
        (account_id, credit_amount, debit_amount, description, timestamp, transaction_id, id) 
    values
        (?, ?, ?, ?, ?, ?, default)
2025-06-08 23:44:47 - 
    update
        accounts 
    set
        account_name=?,
        account_number=?,
        account_type=?,
        balance=?,
        created_at=?,
        updated_at=?,
        version=? 
    where
        id=? 
        and version=?
Hibernate: 
    update
        accounts 
    set
        account_name=?,
        account_number=?,
        account_type=?,
        balance=?,
        created_at=?,
        updated_at=?,
        version=? 
    where
        id=? 
        and version=?
2025-06-08 23:44:47 - 
    update
        accounts 
    set
        account_name=?,
        account_number=?,
        account_type=?,
        balance=?,
        created_at=?,
        updated_at=?,
        version=? 
    where
        id=? 
        and version=?
Hibernate: 
    update
        accounts 
    set
        account_name=?,
        account_number=?,
        account_type=?,
        balance=?,
        created_at=?,
        updated_at=?,
        version=? 
    where
        id=? 
        and version=?
2025-06-08 23:44:47 - Using 'application/json', given [application/json, application/*+json] and supported [*/*]
2025-06-08 23:44:47 - Completed 200 OK
2025-06-08 23:44:47 - Response 200 OK
2025-06-08 23:44:47 - HTTP GET http://localhost:58912/api/ledger/accounts/ACC_SRC_1
2025-06-08 23:44:47 - Accept=[application/json, application/*+json]
2025-06-08 23:44:47 - GET "/api/ledger/accounts/ACC_SRC_1", parameters={}
2025-06-08 23:44:47 - Mapped to com.example.ledger.controller.LedgerController#getAccount(String)
2025-06-08 23:44:47 - 
    select
        a1_0.id,
        a1_0.account_name,
        a1_0.account_number,
        a1_0.account_type,
        a1_0.balance,
        a1_0.created_at,
        a1_0.updated_at,
        a1_0.version 
    from
        accounts a1_0 
    where
        a1_0.account_number=?
Hibernate: 
    select
        a1_0.id,
        a1_0.account_name,
        a1_0.account_number,
        a1_0.account_type,
        a1_0.balance,
        a1_0.created_at,
        a1_0.updated_at,
        a1_0.version 
    from
        accounts a1_0 
    where
        a1_0.account_number=?
2025-06-08 23:44:47 - Using 'application/json', given [application/json, application/*+json] and supported [application/json, application/*+json]
2025-06-08 23:44:47 - Writing [AccountResponse(accountNumber=ACC_SRC_1, accountName=Test Account ACC_SRC_1, balance=800.00, account (truncated)...]
2025-06-08 23:44:47 - Completed 200 OK
2025-06-08 23:44:47 - Response 200 OK
2025-06-08 23:44:47 - Reading to [com.example.ledger.dto.AccountResponse]
2025-06-08 23:44:47 - HTTP GET http://localhost:58912/api/ledger/accounts/ACC_DST_1
2025-06-08 23:44:47 - Accept=[application/json, application/*+json]
2025-06-08 23:44:47 - GET "/api/ledger/accounts/ACC_DST_1", parameters={}
2025-06-08 23:44:47 - Mapped to com.example.ledger.controller.LedgerController#getAccount(String)
2025-06-08 23:44:47 - 
    select
        a1_0.id,
        a1_0.account_name,
        a1_0.account_number,
        a1_0.account_type,
        a1_0.balance,
        a1_0.created_at,
        a1_0.updated_at,
        a1_0.version 
    from
        accounts a1_0 
    where
        a1_0.account_number=?
Hibernate: 
    select
        a1_0.id,
        a1_0.account_name,
        a1_0.account_number,
        a1_0.account_type,
        a1_0.balance,
        a1_0.created_at,
        a1_0.updated_at,
        a1_0.version 
    from
        accounts a1_0 
    where
        a1_0.account_number=?
2025-06-08 23:44:47 - Using 'application/json', given [application/json, application/*+json] and supported [application/json, application/*+json]
2025-06-08 23:44:47 - Writing [AccountResponse(accountNumber=ACC_DST_1, accountName=Test Account ACC_DST_1, balance=700.00, account (truncated)...]
2025-06-08 23:44:47 - Completed 200 OK
2025-06-08 23:44:47 - Response 200 OK
2025-06-08 23:44:47 - Reading to [com.example.ledger.dto.AccountResponse]
2025-06-08 23:44:47 - 
    select
        count(*) 
    from
        transactions t1_0
Hibernate: 
    select
        count(*) 
    from
        transactions t1_0
2025-06-08 23:44:47 - 
    select
        count(*) 
    from
        journal_entry je1_0
Hibernate: 
    select
        count(*) 
    from
        journal_entry je1_0
2025-06-08 23:44:47 - HTTP POST http://localhost:58912/api/ledger/transfer
2025-06-08 23:44:47 - Accept=[application/json, application/*+json]
2025-06-08 23:44:47 - Writing [TransferRequest(fromAccountNumber=ACC_SRC_1, toAccountNumber=ACC_DST_1, amount=200.00, description=Idempotent Transfer, referenceId=7ebea52e-58a8-4548-8d8f-cdb21fa3334a)] with org.springframework.http.converter.json.MappingJackson2HttpMessageConverter
2025-06-08 23:44:47 - POST "/api/ledger/transfer", parameters={}
2025-06-08 23:44:47 - Mapped to com.example.ledger.controller.LedgerController#executeTransfer(TransferRequest)
2025-06-08 23:44:47 - Read "application/json;charset=UTF-8" to [TransferRequest(fromAccountNumber=ACC_SRC_1, toAccountNumber=ACC_DST_1, amount=200.00, description=I (truncated)...]
2025-06-08 23:44:47 - 
    select
        t1_0.id,
        t1_0.amount,
        t1_0.description,
        t1_0.from_account_id,
        t1_0.reference_id,
        t1_0.timestamp,
        t1_0.to_account_id 
    from
        transactions t1_0 
    where
        t1_0.reference_id=?
Hibernate: 
    select
        t1_0.id,
        t1_0.amount,
        t1_0.description,
        t1_0.from_account_id,
        t1_0.reference_id,
        t1_0.timestamp,
        t1_0.to_account_id 
    from
        transactions t1_0 
    where
        t1_0.reference_id=?
2025-06-08 23:44:47 - 
    select
        a1_0.id,
        a1_0.account_name,
        a1_0.account_number,
        a1_0.account_type,
        a1_0.balance,
        a1_0.created_at,
        a1_0.updated_at,
        a1_0.version 
    from
        accounts a1_0 
    where
        a1_0.id=?
Hibernate: 
    select
        a1_0.id,
        a1_0.account_name,
        a1_0.account_number,
        a1_0.account_type,
        a1_0.balance,
        a1_0.created_at,
        a1_0.updated_at,
        a1_0.version 
    from
        accounts a1_0 
    where
        a1_0.id=?
2025-06-08 23:44:47 - 
    select
        a1_0.id,
        a1_0.account_name,
        a1_0.account_number,
        a1_0.account_type,
        a1_0.balance,
        a1_0.created_at,
        a1_0.updated_at,
        a1_0.version 
    from
        accounts a1_0 
    where
        a1_0.id=?
Hibernate: 
    select
        a1_0.id,
        a1_0.account_name,
        a1_0.account_number,
        a1_0.account_type,
        a1_0.balance,
        a1_0.created_at,
        a1_0.updated_at,
        a1_0.version 
    from
        accounts a1_0 
    where
        a1_0.id=?
2025-06-08 23:44:47 - Using @ExceptionHandler com.example.ledger.exception.RestExceptionHandler#handleDuplicateTransaction(DuplicateTransactionException, WebRequest)
2025-06-08 23:44:47 - Using 'application/json', given [application/json, application/*+json] and supported [application/json, application/*+json]
2025-06-08 23:44:47 - Writing [{error=Transaction with this reference ID already exists}]
2025-06-08 23:44:47 - Resolved [com.example.ledger.exception.DuplicateTransactionException: Transaction with this reference ID already exists]
2025-06-08 23:44:47 - Completed 400 BAD_REQUEST
2025-06-08 23:44:47 - Response 400 BAD_REQUEST
2025-06-08 23:44:47 - Reading to [java.util.Map<?, ?>]
2025-06-08 23:44:47 - HTTP GET http://localhost:58912/api/ledger/accounts/ACC_SRC_1
2025-06-08 23:44:47 - Accept=[application/json, application/*+json]
2025-06-08 23:44:47 - GET "/api/ledger/accounts/ACC_SRC_1", parameters={}
2025-06-08 23:44:47 - Mapped to com.example.ledger.controller.LedgerController#getAccount(String)
2025-06-08 23:44:47 - 
    select
        a1_0.id,
        a1_0.account_name,
        a1_0.account_number,
        a1_0.account_type,
        a1_0.balance,
        a1_0.created_at,
        a1_0.updated_at,
        a1_0.version 
    from
        accounts a1_0 
    where
        a1_0.account_number=?
Hibernate: 
    select
        a1_0.id,
        a1_0.account_name,
        a1_0.account_number,
        a1_0.account_type,
        a1_0.balance,
        a1_0.created_at,
        a1_0.updated_at,
        a1_0.version 
    from
        accounts a1_0 
    where
        a1_0.account_number=?
2025-06-08 23:44:47 - Using 'application/json', given [application/json, application/*+json] and supported [application/json, application/*+json]
2025-06-08 23:44:47 - Writing [AccountResponse(accountNumber=ACC_SRC_1, accountName=Test Account ACC_SRC_1, balance=800.00, account (truncated)...]
2025-06-08 23:44:47 - Completed 200 OK
2025-06-08 23:44:47 - Response 200 OK
2025-06-08 23:44:47 - Reading to [com.example.ledger.dto.AccountResponse]
2025-06-08 23:44:47 - HTTP GET http://localhost:58912/api/ledger/accounts/ACC_DST_1
2025-06-08 23:44:47 - Accept=[application/json, application/*+json]
2025-06-08 23:44:47 - GET "/api/ledger/accounts/ACC_DST_1", parameters={}
2025-06-08 23:44:47 - Mapped to com.example.ledger.controller.LedgerController#getAccount(String)
2025-06-08 23:44:47 - 
    select
        a1_0.id,
        a1_0.account_name,
        a1_0.account_number,
        a1_0.account_type,
        a1_0.balance,
        a1_0.created_at,
        a1_0.updated_at,
        a1_0.version 
    from
        accounts a1_0 
    where
        a1_0.account_number=?
Hibernate: 
    select
        a1_0.id,
        a1_0.account_name,
        a1_0.account_number,
        a1_0.account_type,
        a1_0.balance,
        a1_0.created_at,
        a1_0.updated_at,
        a1_0.version 
    from
        accounts a1_0 
    where
        a1_0.account_number=?
2025-06-08 23:44:47 - Using 'application/json', given [application/json, application/*+json] and supported [application/json, application/*+json]
2025-06-08 23:44:47 - Writing [AccountResponse(accountNumber=ACC_DST_1, accountName=Test Account ACC_DST_1, balance=700.00, account (truncated)...]
2025-06-08 23:44:47 - Completed 200 OK
2025-06-08 23:44:47 - Response 200 OK
2025-06-08 23:44:47 - Reading to [com.example.ledger.dto.AccountResponse]
2025-06-08 23:44:47 - 
    select
        count(*) 
    from
        transactions t1_0
Hibernate: 
    select
        count(*) 
    from
        transactions t1_0
2025-06-08 23:44:47 - 
    select
        count(*) 
    from
        journal_entry je1_0
Hibernate: 
    select
        count(*) 
    from
        journal_entry je1_0
2025-06-08 23:44:47 - Spring test ApplicationContext cache statistics: [DefaultContextCache@463fc3f6 size = 1, maxSize = 32, parentContextCount = 0, hitCount = 19, missCount = 1, failureCount = 0]
2025-06-08 23:44:47 - Spring test ApplicationContext cache statistics: [DefaultContextCache@463fc3f6 size = 1, maxSize = 32, parentContextCount = 0, hitCount = 20, missCount = 1, failureCount = 0]
2025-06-08 23:44:47 - Spring test ApplicationContext cache statistics: [DefaultContextCache@463fc3f6 size = 1, maxSize = 32, parentContextCount = 0, hitCount = 21, missCount = 1, failureCount = 0]
2025-06-08 23:44:47 - Spring test ApplicationContext cache statistics: [DefaultContextCache@463fc3f6 size = 1, maxSize = 32, parentContextCount = 0, hitCount = 22, missCount = 1, failureCount = 0]
2025-06-08 23:44:47 - Spring test ApplicationContext cache statistics: [DefaultContextCache@463fc3f6 size = 1, maxSize = 32, parentContextCount = 0, hitCount = 23, missCount = 1, failureCount = 0]
2025-06-08 23:44:47 - Spring test ApplicationContext cache statistics: [DefaultContextCache@463fc3f6 size = 1, maxSize = 32, parentContextCount = 0, hitCount = 24, missCount = 1, failureCount = 0]
2025-06-08 23:44:47 - Spring test ApplicationContext cache statistics: [DefaultContextCache@463fc3f6 size = 1, maxSize = 32, parentContextCount = 0, hitCount = 25, missCount = 1, failureCount = 0]
2025-06-08 23:44:47 - After test method: class [ApiIntegrationTest], method [testTransfer_SuccessAndIdempotency], class annotated with @DirtiesContext [false] with mode [null], method annotated with @DirtiesContext [false] with mode [null]
]]></system-out>
  </testcase>
  <testcase name="testGetAllAccounts" classname="com.example.ledger.integration.ApiIntegrationTest" time="0.026">
    <system-out><![CDATA[2025-06-08 23:44:47 - Performing dependency injection for test class com.example.ledger.integration.ApiIntegrationTest
2025-06-08 23:44:47 - Spring test ApplicationContext cache statistics: [DefaultContextCache@463fc3f6 size = 1, maxSize = 32, parentContextCount = 0, hitCount = 26, missCount = 1, failureCount = 0]
2025-06-08 23:44:47 - Spring test ApplicationContext cache statistics: [DefaultContextCache@463fc3f6 size = 1, maxSize = 32, parentContextCount = 0, hitCount = 27, missCount = 1, failureCount = 0]
2025-06-08 23:44:47 - Before test method: class [ApiIntegrationTest], method [testGetAllAccounts], class annotated with @DirtiesContext [false] with mode [null], method annotated with @DirtiesContext [false] with mode [null]
2025-06-08 23:44:47 - Spring test ApplicationContext cache statistics: [DefaultContextCache@463fc3f6 size = 1, maxSize = 32, parentContextCount = 0, hitCount = 28, missCount = 1, failureCount = 0]
2025-06-08 23:44:47 - Spring test ApplicationContext cache statistics: [DefaultContextCache@463fc3f6 size = 1, maxSize = 32, parentContextCount = 0, hitCount = 29, missCount = 1, failureCount = 0]
2025-06-08 23:44:47 - Spring test ApplicationContext cache statistics: [DefaultContextCache@463fc3f6 size = 1, maxSize = 32, parentContextCount = 0, hitCount = 30, missCount = 1, failureCount = 0]
2025-06-08 23:44:47 - 
    select
        je1_0.id,
        je1_0.account_id,
        je1_0.credit_amount,
        je1_0.debit_amount,
        je1_0.description,
        je1_0.timestamp,
        je1_0.transaction_id 
    from
        journal_entry je1_0
Hibernate: 
    select
        je1_0.id,
        je1_0.account_id,
        je1_0.credit_amount,
        je1_0.debit_amount,
        je1_0.description,
        je1_0.timestamp,
        je1_0.transaction_id 
    from
        journal_entry je1_0
2025-06-08 23:44:47 - 
    select
        a1_0.id,
        a1_0.account_name,
        a1_0.account_number,
        a1_0.account_type,
        a1_0.balance,
        a1_0.created_at,
        a1_0.updated_at,
        a1_0.version 
    from
        accounts a1_0 
    where
        a1_0.id=?
Hibernate: 
    select
        a1_0.id,
        a1_0.account_name,
        a1_0.account_number,
        a1_0.account_type,
        a1_0.balance,
        a1_0.created_at,
        a1_0.updated_at,
        a1_0.version 
    from
        accounts a1_0 
    where
        a1_0.id=?
2025-06-08 23:44:47 - 
    select
        t1_0.id,
        t1_0.amount,
        t1_0.description,
        t1_0.from_account_id,
        fa1_0.id,
        fa1_0.account_name,
        fa1_0.account_number,
        fa1_0.account_type,
        fa1_0.balance,
        fa1_0.created_at,
        fa1_0.updated_at,
        fa1_0.version,
        t1_0.reference_id,
        t1_0.timestamp,
        t1_0.to_account_id,
        ta1_0.id,
        ta1_0.account_name,
        ta1_0.account_number,
        ta1_0.account_type,
        ta1_0.balance,
        ta1_0.created_at,
        ta1_0.updated_at,
        ta1_0.version 
    from
        transactions t1_0 
    join
        accounts fa1_0 
            on fa1_0.id=t1_0.from_account_id 
    join
        accounts ta1_0 
            on ta1_0.id=t1_0.to_account_id 
    where
        t1_0.id=?
Hibernate: 
    select
        t1_0.id,
        t1_0.amount,
        t1_0.description,
        t1_0.from_account_id,
        fa1_0.id,
        fa1_0.account_name,
        fa1_0.account_number,
        fa1_0.account_type,
        fa1_0.balance,
        fa1_0.created_at,
        fa1_0.updated_at,
        fa1_0.version,
        t1_0.reference_id,
        t1_0.timestamp,
        t1_0.to_account_id,
        ta1_0.id,
        ta1_0.account_name,
        ta1_0.account_number,
        ta1_0.account_type,
        ta1_0.balance,
        ta1_0.created_at,
        ta1_0.updated_at,
        ta1_0.version 
    from
        transactions t1_0 
    join
        accounts fa1_0 
            on fa1_0.id=t1_0.from_account_id 
    join
        accounts ta1_0 
            on ta1_0.id=t1_0.to_account_id 
    where
        t1_0.id=?
2025-06-08 23:44:47 - 
    delete 
    from
        journal_entry 
    where
        id=?
Hibernate: 
    delete 
    from
        journal_entry 
    where
        id=?
2025-06-08 23:44:47 - 
    delete 
    from
        journal_entry 
    where
        id=?
Hibernate: 
    delete 
    from
        journal_entry 
    where
        id=?
2025-06-08 23:44:47 - 
    select
        t1_0.id,
        t1_0.amount,
        t1_0.description,
        t1_0.from_account_id,
        t1_0.reference_id,
        t1_0.timestamp,
        t1_0.to_account_id 
    from
        transactions t1_0
Hibernate: 
    select
        t1_0.id,
        t1_0.amount,
        t1_0.description,
        t1_0.from_account_id,
        t1_0.reference_id,
        t1_0.timestamp,
        t1_0.to_account_id 
    from
        transactions t1_0
2025-06-08 23:44:47 - 
    select
        a1_0.id,
        a1_0.account_name,
        a1_0.account_number,
        a1_0.account_type,
        a1_0.balance,
        a1_0.created_at,
        a1_0.updated_at,
        a1_0.version 
    from
        accounts a1_0 
    where
        a1_0.id=?
Hibernate: 
    select
        a1_0.id,
        a1_0.account_name,
        a1_0.account_number,
        a1_0.account_type,
        a1_0.balance,
        a1_0.created_at,
        a1_0.updated_at,
        a1_0.version 
    from
        accounts a1_0 
    where
        a1_0.id=?
2025-06-08 23:44:47 - 
    select
        a1_0.id,
        a1_0.account_name,
        a1_0.account_number,
        a1_0.account_type,
        a1_0.balance,
        a1_0.created_at,
        a1_0.updated_at,
        a1_0.version 
    from
        accounts a1_0 
    where
        a1_0.id=?
Hibernate: 
    select
        a1_0.id,
        a1_0.account_name,
        a1_0.account_number,
        a1_0.account_type,
        a1_0.balance,
        a1_0.created_at,
        a1_0.updated_at,
        a1_0.version 
    from
        accounts a1_0 
    where
        a1_0.id=?
2025-06-08 23:44:47 - 
    delete 
    from
        transactions 
    where
        id=?
Hibernate: 
    delete 
    from
        transactions 
    where
        id=?
2025-06-08 23:44:47 - 
    select
        a1_0.id,
        a1_0.account_name,
        a1_0.account_number,
        a1_0.account_type,
        a1_0.balance,
        a1_0.created_at,
        a1_0.updated_at,
        a1_0.version 
    from
        accounts a1_0
Hibernate: 
    select
        a1_0.id,
        a1_0.account_name,
        a1_0.account_number,
        a1_0.account_type,
        a1_0.balance,
        a1_0.created_at,
        a1_0.updated_at,
        a1_0.version 
    from
        accounts a1_0
2025-06-08 23:44:47 - 
    delete 
    from
        accounts 
    where
        id=? 
        and version=?
Hibernate: 
    delete 
    from
        accounts 
    where
        id=? 
        and version=?
2025-06-08 23:44:47 - 
    delete 
    from
        accounts 
    where
        id=? 
        and version=?
Hibernate: 
    delete 
    from
        accounts 
    where
        id=? 
        and version=?
2025-06-08 23:44:47 - Spring test ApplicationContext cache statistics: [DefaultContextCache@463fc3f6 size = 1, maxSize = 32, parentContextCount = 0, hitCount = 31, missCount = 1, failureCount = 0]
2025-06-08 23:44:47 - HTTP POST http://localhost:58912/api/ledger/accounts
2025-06-08 23:44:47 - Accept=[application/json, application/*+json]
2025-06-08 23:44:47 - Writing [Account(id=null, accountNumber=ACC003, accountName=Account 3, balance=100.00, accountType=ASSET, createdAt=null, updatedAt=null, version=null)] with org.springframework.http.converter.json.MappingJackson2HttpMessageConverter
2025-06-08 23:44:47 - POST "/api/ledger/accounts", parameters={}
2025-06-08 23:44:47 - Mapped to com.example.ledger.controller.LedgerController#createAccount(Account)
2025-06-08 23:44:47 - Read "application/json;charset=UTF-8" to [Account(id=null, accountNumber=ACC003, accountName=Account 3, balance=100.00, accountType=ASSET, cre (truncated)...]
2025-06-08 23:44:47 - 
    select
        a1_0.id,
        a1_0.account_name,
        a1_0.account_number,
        a1_0.account_type,
        a1_0.balance,
        a1_0.created_at,
        a1_0.updated_at,
        a1_0.version 
    from
        accounts a1_0 
    where
        a1_0.account_number=?
Hibernate: 
    select
        a1_0.id,
        a1_0.account_name,
        a1_0.account_number,
        a1_0.account_type,
        a1_0.balance,
        a1_0.created_at,
        a1_0.updated_at,
        a1_0.version 
    from
        accounts a1_0 
    where
        a1_0.account_number=?
2025-06-08 23:44:47 - 
    insert 
    into
        accounts
        (account_name, account_number, account_type, balance, created_at, updated_at, version, id) 
    values
        (?, ?, ?, ?, ?, ?, ?, default)
Hibernate: 
    insert 
    into
[...]
2025-06-08 23:44:47 - 
    select
        a1_0.id,
        a1_0.account_name,
        a1_0.account_number,
        a1_0.account_type,
        a1_0.balance,
        a1_0.created_at,
        a1_0.updated_at,
        a1_0.version 
    from
        accounts a1_0 
    where
        a1_0.account_number=?
Hibernate: 
    select
        a1_0.id,
        a1_0.account_name,
        a1_0.account_number,
        a1_0.account_type,
        a1_0.balance,
        a1_0.created_at,
        a1_0.updated_at,
        a1_0.version 
    from
        accounts a1_0 
    where
        a1_0.account_number=?
2025-06-08 23:44:47 - 
    insert 
    into
        accounts
        (account_name, account_number, account_type, balance, created_at, updated_at, version, id) 
    values
        (?, ?, ?, ?, ?, ?, ?, default)
Hibernate: 
    insert 
    into
        accounts
        (account_name, account_number, account_type, balance, created_at, updated_at, version, id) 
    values
        (?, ?, ?, ?, ?, ?, ?, default)
2025-06-08 23:44:47 - Using 'application/json', given [application/json, application/*+json] and supported [*/*]
2025-06-08 23:44:47 - Completed 200 OK
2025-06-08 23:44:47 - Response 200 OK
2025-06-08 23:44:47 - 
    select
        count(*) 
    from
        accounts a1_0
Hibernate: 
    select
        count(*) 
    from
        accounts a1_0
2025-06-08 23:44:47 - HTTP POST http://localhost:58912/api/ledger/accounts
2025-06-08 23:44:47 - Accept=[application/json, application/*+json]
2025-06-08 23:44:47 - Writing [Account(id=null, accountNumber=ACC002, accountName=Idempotent Account, balance=2000.00, accountType=LIABILITY, createdAt=null, updatedAt=null, version=null)] with org.springframework.http.converter.json.MappingJackson2HttpMessageConverter
2025-06-08 23:44:47 - POST "/api/ledger/accounts", parameters={}
2025-06-08 23:44:47 - Mapped to com.example.ledger.controller.LedgerController#createAccount(Account)
2025-06-08 23:44:47 - Read "application/json;charset=UTF-8" to [Account(id=null, accountNumber=ACC002, accountName=Idempotent Account, balance=2000.00, accountType= (truncated)...]
2025-06-08 23:44:47 - 
    select
        a1_0.id,
        a1_0.account_name,
        a1_0.account_number,
        a1_0.account_type,
        a1_0.balance,
        a1_0.created_at,
        a1_0.updated_at,
        a1_0.version 
    from
        accounts a1_0 
    where
        a1_0.account_number=?
Hibernate: 
    select
        a1_0.id,
        a1_0.account_name,
        a1_0.account_number,
        a1_0.account_type,
        a1_0.balance,
        a1_0.created_at,
        a1_0.updated_at,
        a1_0.version 
    from
        accounts a1_0 
    where
        a1_0.account_number=?
2025-06-08 23:44:47 - Using @ExceptionHandler com.example.ledger.exception.RestExceptionHandler#handleDuplicateAccount(DuplicateAccountException, WebRequest)
2025-06-08 23:44:47 - Using 'application/json', given [application/json, application/*+json] and supported [application/json, application/*+json]
2025-06-08 23:44:47 - Writing [{error=Account with this number already exists}]
2025-06-08 23:44:47 - Resolved [com.example.ledger.exception.DuplicateAccountException: Account with this number already exists]
2025-06-08 23:44:47 - Completed 409 CONFLICT
2025-06-08 23:44:47 - Response 409 CONFLICT
2025-06-08 23:44:47 - Reading to [java.util.Map<?, ?>]
2025-06-08 23:44:47 - 
    select
        count(*) 
    from
        accounts a1_0
Hibernate: 
    select
        count(*) 
    from
        accounts a1_0
2025-06-08 23:44:47 - Spring test ApplicationContext cache statistics: [DefaultContextCache@463fc3f6 size = 1, maxSize = 32, parentContextCount = 0, hitCount = 58, missCount = 1, failureCount = 0]
2025-06-08 23:44:47 - Spring test ApplicationContext cache statistics: [DefaultContextCache@463fc3f6 size = 1, maxSize = 32, parentContextCount = 0, hitCount = 59, missCount = 1, failureCount = 0]
2025-06-08 23:44:47 - Spring test ApplicationContext cache statistics: [DefaultContextCache@463fc3f6 size = 1, maxSize = 32, parentContextCount = 0, hitCount = 60, missCount = 1, failureCount = 0]
2025-06-08 23:44:47 - Spring test ApplicationContext cache statistics: [DefaultContextCache@463fc3f6 size = 1, maxSize = 32, parentContextCount = 0, hitCount = 61, missCount = 1, failureCount = 0]
2025-06-08 23:44:47 - Spring test ApplicationContext cache statistics: [DefaultContextCache@463fc3f6 size = 1, maxSize = 32, parentContextCount = 0, hitCount = 62, missCount = 1, failureCount = 0]
2025-06-08 23:44:47 - Spring test ApplicationContext cache statistics: [DefaultContextCache@463fc3f6 size = 1, maxSize = 32, parentContextCount = 0, hitCount = 63, missCount = 1, failureCount = 0]
2025-06-08 23:44:47 - Spring test ApplicationContext cache statistics: [DefaultContextCache@463fc3f6 size = 1, maxSize = 32, parentContextCount = 0, hitCount = 64, missCount = 1, failureCount = 0]
2025-06-08 23:44:47 - After test method: class [ApiIntegrationTest], method [testCreateAccount_Idempotency], class annotated with @DirtiesContext [false] with mode [null], method annotated with @DirtiesContext [false] with mode [null]
]]></system-out>
  </testcase>
  <testcase name="testTransfer_InsufficientFunds" classname="com.example.ledger.integration.ApiIntegrationTest" time="0.022">
    <system-out><![CDATA[2025-06-08 23:44:47 - Performing dependency injection for test class com.example.ledger.integration.ApiIntegrationTest
2025-06-08 23:44:47 - Spring test ApplicationContext cache statistics: [DefaultContextCache@463fc3f6 size = 1, maxSize = 32, parentContextCount = 0, hitCount = 65, missCount = 1, failureCount = 0]
2025-06-08 23:44:47 - Spring test ApplicationContext cache statistics: [DefaultContextCache@463fc3f6 size = 1, maxSize = 32, parentContextCount = 0, hitCount = 66, missCount = 1, failureCount = 0]
2025-06-08 23:44:47 - Before test method: class [ApiIntegrationTest], method [testTransfer_InsufficientFunds], class annotated with @DirtiesContext [false] with mode [null], method annotated with @DirtiesContext [false] with mode [null]
2025-06-08 23:44:47 - Spring test ApplicationContext cache statistics: [DefaultContextCache@463fc3f6 size = 1, maxSize = 32, parentContextCount = 0, hitCount = 67, missCount = 1, failureCount = 0]
2025-06-08 23:44:47 - Spring test ApplicationContext cache statistics: [DefaultContextCache@463fc3f6 size = 1, maxSize = 32, parentContextCount = 0, hitCount = 68, missCount = 1, failureCount = 0]
2025-06-08 23:44:47 - Spring test ApplicationContext cache statistics: [DefaultContextCache@463fc3f6 size = 1, maxSize = 32, parentContextCount = 0, hitCount = 69, missCount = 1, failureCount = 0]
2025-06-08 23:44:47 - 
    select
        je1_0.id,
        je1_0.account_id,
        je1_0.credit_amount,
        je1_0.debit_amount,
        je1_0.description,
        je1_0.timestamp,
        je1_0.transaction_id 
    from
        journal_entry je1_0
Hibernate: 
    select
        je1_0.id,
        je1_0.account_id,
        je1_0.credit_amount,
        je1_0.debit_amount,
        je1_0.description,
        je1_0.timestamp,
        je1_0.transaction_id 
    from
        journal_entry je1_0
2025-06-08 23:44:47 - 
    select
        t1_0.id,
        t1_0.amount,
        t1_0.description,
        t1_0.from_account_id,
        t1_0.reference_id,
        t1_0.timestamp,
        t1_0.to_account_id 
    from
        transactions t1_0
Hibernate: 
    select
        t1_0.id,
        t1_0.amount,
        t1_0.description,
        t1_0.from_account_id,
        t1_0.reference_id,
        t1_0.timestamp,
        t1_0.to_account_id 
    from
        transactions t1_0
2025-06-08 23:44:47 - 
    select
        a1_0.id,
        a1_0.account_name,
        a1_0.account_number,
        a1_0.account_type,
        a1_0.balance,
        a1_0.created_at,
        a1_0.updated_at,
        a1_0.version 
    from
        accounts a1_0
Hibernate: 
    select
        a1_0.id,
        a1_0.account_name,
        a1_0.account_number,
        a1_0.account_type,
        a1_0.balance,
        a1_0.created_at,
        a1_0.updated_at,
        a1_0.version 
    from
        accounts a1_0
2025-06-08 23:44:47 - 
    delete 
    from
        accounts 
    where
        id=? 
        and version=?
Hibernate: 
    delete 
    from
        accounts 
    where
        id=? 
        and version=?
2025-06-08 23:44:47 - Spring test ApplicationContext cache statistics: [DefaultContextCache@463fc3f6 size = 1, maxSize = 32, parentContextCount = 0, hitCount = 70, missCount = 1, failureCount = 0]
2025-06-08 23:44:47 - HTTP POST http://localhost:58912/api/ledger/accounts
2025-06-08 23:44:47 - Accept=[application/json, application/*+json]
2025-06-08 23:44:47 - Writing [Account(id=null, accountNumber=ACC_SRC_2, accountName=Test Account ACC_SRC_2, balance=100.00, accountType=ASSET, createdAt=null, updatedAt=null, version=null)] with org.springframework.http.converter.json.MappingJackson2HttpMessageConverter
2025-06-08 23:44:47 - POST "/api/ledger/accounts", parameters={}
2025-06-08 23:44:47 - Mapped to com.example.ledger.controller.LedgerController#createAccount(Account)
2025-06-08 23:44:47 - Read "application/json;charset=UTF-8" to [Account(id=null, accountNumber=ACC_SRC_2, accountName=Test Account ACC_SRC_2, balance=100.00, accoun (truncated)...]
2025-06-08 23:44:47 - 
    select
        a1_0.id,
        a1_0.account_name,
        a1_0.account_number,
        a1_0.account_type,
        a1_0.balance,
        a1_0.created_at,
        a1_0.updated_at,
        a1_0.version 
    from
        accounts a1_0 
    where
        a1_0.account_number=?
Hibernate: 
    select
        a1_0.id,
        a1_0.account_name,
        a1_0.account_number,
        a1_0.account_type,
        a1_0.balance,
        a1_0.created_at,
        a1_0.updated_at,
        a1_0.version 
    from
        accounts a1_0 
    where
        a1_0.account_number=?
2025-06-08 23:44:47 - 
    insert 
    into
        accounts
        (account_name, account_number, account_type, balance, created_at, updated_at, version, id) 
    values
        (?, ?, ?, ?, ?, ?, ?, default)
Hibernate: 
    insert 
    into
        accounts
        (account_name, account_number, account_type, balance, created_at, updated_at, version, id) 
    values
        (?, ?, ?, ?, ?, ?, ?, default)
2025-06-08 23:44:47 - Using 'application/json', given [application/json, application/*+json] and supported [*/*]
2025-06-08 23:44:47 - Completed 200 OK
2025-06-08 23:44:47 - Response 200 OK
2025-06-08 23:44:47 - HTTP POST http://localhost:58912/api/ledger/accounts
2025-06-08 23:44:47 - Accept=[application/json, application/*+json]
2025-06-08 23:44:47 - Writing [Account(id=null, accountNumber=ACC_DST_2, accountName=Test Account ACC_DST_2, balance=500.00, accountType=ASSET, createdAt=null, updatedAt=null, version=null)] with org.springframework.http.converter.json.MappingJackson2HttpMessageConverter
2025-06-08 23:44:47 - POST "/api/ledger/accounts", parameters={}
2025-06-08 23:44:47 - Mapped to com.example.ledger.controller.LedgerController#createAccount(Account)
2025-06-08 23:44:47 - Read "application/json;charset=UTF-8" to [Account(id=null, accountNumber=ACC_DST_2, accountName=Test Account ACC_DST_2, balance=500.00, accoun (truncated)...]
2025-06-08 23:44:47 - 
    select
        a1_0.id,
        a1_0.account_name,
        a1_0.account_number,
        a1_0.account_type,
        a1_0.balance,
        a1_0.created_at,
        a1_0.updated_at,
        a1_0.version 
    from
        accounts a1_0 
    where
        a1_0.account_number=?
Hibernate: 
    select
        a1_0.id,
        a1_0.account_name,
        a1_0.account_number,
        a1_0.account_type,
        a1_0.balance,
        a1_0.created_at,
        a1_0.updated_at,
        a1_0.version 
    from
        accounts a1_0 
    where
        a1_0.account_number=?
2025-06-08 23:44:47 - 
    insert 
    into
        accounts
        (account_name, account_number, account_type, balance, created_at, updated_at, version, id) 
    values
        (?, ?, ?, ?, ?, ?, ?, default)
Hibernate: 
    insert 
    into
        accounts
        (account_name, account_number, account_type, balance, created_at, updated_at, version, id) 
    values
        (?, ?, ?, ?, ?, ?, ?, default)
2025-06-08 23:44:47 - Using 'application/json', given [application/json, application/*+json] and supported [*/*]
2025-06-08 23:44:47 - Completed 200 OK
2025-06-08 23:44:47 - Response 200 OK
2025-06-08 23:44:47 - HTTP POST http://localhost:58912/api/ledger/transfer
2025-06-08 23:44:47 - Accept=[application/json, application/*+json]
2025-06-08 23:44:47 - Writing [TransferRequest(fromAccountNumber=ACC_SRC_2, toAccountNumber=ACC_DST_2, amount=200.00, description=Transfer attempt, referenceId=85add8c3-a433-4162-9814-832d4fa76bd0)] with org.springframework.http.converter.json.MappingJackson2HttpMessageConverter
2025-06-08 23:44:47 - POST "/api/ledger/transfer", parameters={}
2025-06-08 23:44:47 - Mapped to com.example.ledger.controller.LedgerController#executeTransfer(TransferRequest)
2025-06-08 23:44:47 - Read "application/json;charset=UTF-8" to [TransferRequest(fromAccountNumber=ACC_SRC_2, toAccountNumber=ACC_DST_2, amount=200.00, description=T (truncated)...]
2025-06-08 23:44:47 - 
    select
        t1_0.id,
        t1_0.amount,
        t1_0.description,
        t1_0.from_account_id,
        t1_0.reference_id,
        t1_0.timestamp,
        t1_0.to_account_id 
    from
        transactions t1_0 
    where
        t1_0.reference_id=?
Hibernate: 
    select
        t1_0.id,
        t1_0.amount,
        t1_0.description,
        t1_0.from_account_id,
        t1_0.reference_id,
        t1_0.timestamp,
        t1_0.to_account_id 
    from
        transactions t1_0 
    where
        t1_0.reference_id=?
2025-06-08 23:44:47 - 
    select
        a1_0.id,
        a1_0.account_name,
        a1_0.account_number,
        a1_0.account_type,
        a1_0.balance,
        a1_0.created_at,
        a1_0.updated_at,
        a1_0.version 
    from
        accounts a1_0 
    where
        a1_0.account_number=?
Hibernate: 
    select
        a1_0.id,
        a1_0.account_name,
        a1_0.account_number,
        a1_0.account_type,
        a1_0.balance,
        a1_0.created_at,
        a1_0.updated_at,
        a1_0.version 
    from
        accounts a1_0 
    where
        a1_0.account_number=?
2025-06-08 23:44:47 - 
    select
        a1_0.id,
        a1_0.account_name,
        a1_0.account_number,
        a1_0.account_type,
        a1_0.balance,
        a1_0.created_at,
        a1_0.updated_at,
        a1_0.version 
    from
        accounts a1_0 
    where
        a1_0.account_number=?
Hibernate: 
    select
        a1_0.id,
        a1_0.account_name,
        a1_0.account_number,
        a1_0.account_type,
        a1_0.balance,
        a1_0.created_at,
        a1_0.updated_at,
        a1_0.version 
    from
        accounts a1_0 
    where
        a1_0.account_number=?
2025-06-08 23:44:47 - Using @ExceptionHandler com.example.ledger.exception.RestExceptionHandler#handleInsufficientFunds(InsufficientFundsException, WebRequest)
2025-06-08 23:44:47 - Using 'application/json', given [application/json, application/*+json] and supported [application/json, application/*+json]
2025-06-08 23:44:47 - Writing [{error=Insufficient funds}]
2025-06-08 23:44:47 - Resolved [com.example.ledger.exception.InsufficientFundsException: Insufficient funds]
2025-06-08 23:44:47 - Completed 400 BAD_REQUEST
2025-06-08 23:44:47 - Response 400 BAD_REQUEST
2025-06-08 23:44:47 - Reading to [java.util.Map<?, ?>]
2025-06-08 23:44:47 - HTTP GET http://localhost:58912/api/ledger/accounts/ACC_SRC_2
2025-06-08 23:44:47 - Accept=[application/json, application/*+json]
2025-06-08 23:44:47 - GET "/api/ledger/accounts/ACC_SRC_2", parameters={}
2025-06-08 23:44:47 - Mapped to com.example.ledger.controller.LedgerController#getAccount(String)
2025-06-08 23:44:47 - 
    select
        a1_0.id,
        a1_0.account_name,
        a1_0.account_number,
        a1_0.account_type,
        a1_0.balance,
        a1_0.created_at,
        a1_0.updated_at,
        a1_0.version 
    from
        accounts a1_0 
    where
        a1_0.account_number=?
Hibernate: 
    select
        a1_0.id,
        a1_0.account_name,
        a1_0.account_number,
        a1_0.account_type,
        a1_0.balance,
        a1_0.created_at,
        a1_0.updated_at,
        a1_0.version 
    from
        accounts a1_0 
    where
        a1_0.account_number=?
2025-06-08 23:44:47 - Using 'application/json', given [application/json, application/*+json] and supported [application/json, application/*+json]
2025-06-08 23:44:47 - Writing [AccountResponse(accountNumber=ACC_SRC_2, accountName=Test Account ACC_SRC_2, balance=100.00, account (truncated)...]
2025-06-08 23:44:47 - Completed 200 OK
2025-06-08 23:44:47 - Response 200 OK
2025-06-08 23:44:47 - Reading to [com.example.ledger.dto.AccountResponse]
2025-06-08 23:44:47 - HTTP GET http://localhost:58912/api/ledger/accounts/ACC_DST_2
2025-06-08 23:44:47 - Accept=[application/json, application/*+json]
2025-06-08 23:44:47 - GET "/api/ledger/accounts/ACC_DST_2", parameters={}
2025-06-08 23:44:47 - Mapped to com.example.ledger.controller.LedgerController#getAccount(String)
2025-06-08 23:44:47 - 
    select
        a1_0.id,
        a1_0.account_name,
        a1_0.account_number,
        a1_0.account_type,
        a1_0.balance,
        a1_0.created_at,
        a1_0.updated_at,
        a1_0.version 
    from
        accounts a1_0 
    where
        a1_0.account_number=?
Hibernate: 
    select
        a1_0.id,
        a1_0.account_name,
        a1_0.account_number,
        a1_0.account_type,
        a1_0.balance,
        a1_0.created_at,
        a1_0.updated_at,
        a1_0.version 
    from
        accounts a1_0 
    where
        a1_0.account_number=?
2025-06-08 23:44:47 - Using 'application/json', given [application/json, application/*+json] and supported [application/json, application/*+json]
2025-06-08 23:44:47 - Writing [AccountResponse(accountNumber=ACC_DST_2, accountName=Test Account ACC_DST_2, balance=500.00, account (truncated)...]
2025-06-08 23:44:47 - Completed 200 OK
2025-06-08 23:44:47 - Response 200 OK
2025-06-08 23:44:47 - Reading to [com.example.ledger.dto.AccountResponse]
2025-06-08 23:44:47 - Spring test ApplicationContext cache statistics: [DefaultContextCache@463fc3f6 size = 1, maxSize = 32, parentContextCount = 0, hitCount = 71, missCount = 1, failureCount = 0]
2025-06-08 23:44:47 - Spring test ApplicationContext cache statistics: [DefaultContextCache@463fc3f6 size = 1, maxSize = 32, parentContextCount = 0, hitCount = 72, missCount = 1, failureCount = 0]
2025-06-08 23:44:47 - Spring test ApplicationContext cache statistics: [DefaultContextCache@463fc3f6 size = 1, maxSize = 32, parentContextCount = 0, hitCount = 73, missCount = 1, failureCount = 0]
2025-06-08 23:44:47 - Spring test ApplicationContext cache statistics: [DefaultContextCache@463fc3f6 size = 1, maxSize = 32, parentContextCount = 0, hitCount = 74, missCount = 1, failureCount = 0]
2025-06-08 23:44:47 - Spring test ApplicationContext cache statistics: [DefaultContextCache@463fc3f6 size = 1, maxSize = 32, parentContextCount = 0, hitCount = 75, missCount = 1, failureCount = 0]
2025-06-08 23:44:47 - Spring test ApplicationContext cache statistics: [DefaultContextCache@463fc3f6 size = 1, maxSize = 32, parentContextCount = 0, hitCount = 76, missCount = 1, failureCount = 0]
2025-06-08 23:44:47 - Spring test ApplicationContext cache statistics: [DefaultContextCache@463fc3f6 size = 1, maxSize = 32, parentContextCount = 0, hitCount = 77, missCount = 1, failureCount = 0]
2025-06-08 23:44:47 - After test method: class [ApiIntegrationTest], method [testTransfer_InsufficientFunds], class annotated with @DirtiesContext [false] with mode [null], method annotated with @DirtiesContext [false] with mode [null]
]]></system-out>
  </testcase>
</testsuite>